<?xml version="1.0" encoding="UTF-8"?>
<!-- Generated by org.testng.reporters.JUnitReportReporter -->
<testsuite hostname="HW1315" name="com.desktopWeb.scripts.common.TC_03_CommonChecks_HomePage_HambergerMenu_Login_Signout_GuestUser" tests="1" failures="0" timestamp="15 Jan 2017 19:46:55 GMT" time="155.116" errors="1">
  <testcase name="TC03_CommonChecks_HomePage_HambergerMenu_Login_Signout_GuestUser" time="155.116" classname="com.desktopWeb.scripts.common.TC_03_CommonChecks_HomePage_HambergerMenu_Login_Signout_GuestUser">
    <error type="java.lang.AssertionError" message="Step Verify web element is display Failed with description Check Login as message is not displaying expected [true] but found [false]">
      <![CDATA[java.lang.AssertionError: Step Verify web element is display Failed with description Check Login as message is not displaying expected [true] but found [false]
	at org.testng.Assert.fail(Assert.java:94)
	at org.testng.Assert.failNotEquals(Assert.java:494)
	at org.testng.Assert.assertTrue(Assert.java:42)
	at com.ctaf.support.HtmlReportSupport.onFailure(HtmlReportSupport.java:778)
	at com.ctaf.utilities.Reporter.failureReport(Reporter.java:91)
	at com.ctaf.accelerators.ActionEngine.isElementDisplayed(ActionEngine.java:2395)
	at com.desktopWeb.workflows.HelperClass.verifyHamberger(HelperClass.java:79)
	at com.desktopWeb.scripts.common.TC_03_CommonChecks_HomePage_HambergerMenu_Login_Signout_GuestUser.TC03_CommonChecks_HomePage_HambergerMenu_Login_Signout_GuestUser(TC_03_CommonChecks_HomePage_HambergerMenu_Login_Signout_GuestUser.java:25)
	at sun.reflect.NativeMethodAccessorImpl.invoke0(Native Method)
	at sun.reflect.NativeMethodAccessorImpl.invoke(Unknown Source)
	at sun.reflect.DelegatingMethodAccessorImpl.invoke(Unknown Source)
	at java.lang.reflect.Method.invoke(Unknown Source)
	at org.testng.internal.MethodInvocationHelper.invokeMethod(MethodInvocationHelper.java:80)
	at org.testng.internal.Invoker.invokeMethod(Invoker.java:714)
	at org.testng.internal.Invoker.invokeTestMethod(Invoker.java:901)
	at org.testng.internal.Invoker.invokeTestMethods(Invoker.java:1231)
	at org.testng.internal.TestMethodWorker.invokeTestMethods(TestMethodWorker.java:127)
	at org.testng.internal.TestMethodWorker.run(TestMethodWorker.java:111)
	at org.testng.TestRunner.privateRun(TestRunner.java:767)
	at org.testng.TestRunner.run(TestRunner.java:617)
	at org.testng.SuiteRunner.runTest(SuiteRunner.java:334)
	at org.testng.SuiteRunner.runSequentially(SuiteRunner.java:329)
	at org.testng.SuiteRunner.privateRun(SuiteRunner.java:291)
	at org.testng.SuiteRunner.run(SuiteRunner.java:240)
	at org.testng.SuiteRunnerWorker.runSuite(SuiteRunnerWorker.java:52)
	at org.testng.SuiteRunnerWorker.run(SuiteRunnerWorker.java:86)
	at org.testng.TestNG.runSuitesSequentially(TestNG.java:1198)
	at org.testng.TestNG.runSuitesLocally(TestNG.java:1123)
	at org.testng.TestNG.run(TestNG.java:1031)
	at org.apache.maven.surefire.testng.TestNGExecutor.run(TestNGExecutor.java:281)
	at org.apache.maven.surefire.testng.TestNGXmlTestSuite.execute(TestNGXmlTestSuite.java:75)
	at org.apache.maven.surefire.testng.TestNGProvider.invoke(TestNGProvider.java:121)
	at org.apache.maven.surefire.booter.ForkedBooter.invokeProviderInSameClassLoader(ForkedBooter.java:290)
	at org.apache.maven.surefire.booter.ForkedBooter.runSuitesInProcess(ForkedBooter.java:242)
	at org.apache.maven.surefire.booter.ForkedBooter.main(ForkedBooter.java:121)
]]>
    </error>
  </testcase> <!-- TC03_CommonChecks_HomePage_HambergerMenu_Login_Signout_GuestUser -->
</testsuite> <!-- com.desktopWeb.scripts.common.TC_03_CommonChecks_HomePage_HambergerMenu_Login_Signout_GuestUser -->
