<?xml version="1.0" encoding="UTF-8"?>
<!-- Generated by org.testng.reporters.JUnitXMLReporter -->
<testsuite hostname="HW1315" name="Grouping" tests="31" failures="8" timestamp="1 Mar 2017 00:14:17 GMT" time="20516.81" errors="0">
  <testcase name="TC19_Add_Content" time="636.917" classname="com.desktopWeb.scripts.tools.TC_19_Add_Content"/>
  <testcase name="TC20_Add_HTML" time="649.174" classname="com.desktopWeb.scripts.tools.TC_20_Add_HTML"/>
  <testcase name="TC21_Add_Block_Quote" time="567.805" classname="com.desktopWeb.scripts.tools.TC_21_Add_Block_Quote"/>
  <testcase name="TC22_Add_Heading" time="585.138" classname="com.desktopWeb.scripts.tools.TC_22_Add_Heading"/>
  <testcase name="TC23_Add_Divider" time="596.222" classname="com.desktopWeb.scripts.tools.TC_23_Add_Divider"/>
  <testcase name="TC24_Add_Image" time="475.75" classname="com.desktopWeb.scripts.tools.TC_24_Add_Image">
    <failure type="java.lang.AssertionError" message="Step Select  Failed with description Automation Project is Not Select from the DropDown Project Department expected [true] but found [false]">
      <![CDATA[java.lang.AssertionError: Step Select  Failed with description Automation Project is Not Select from the DropDown Project Department expected [true] but found [false]
	at com.ctaf.support.HtmlReportSupport.onFailure(HtmlReportSupport.java:778)
	at com.ctaf.utilities.Reporter.failureReport(Reporter.java:91)
	at com.ctaf.accelerators.ActionEngine.selectByVisibleText(ActionEngine.java:901)
	at com.desktopWeb.workflows.HelperClass.createProject(HelperClass.java:2114)
	at com.desktopWeb.scripts.tools.TC_24_Add_Image.TC24_Add_Image(TC_24_Add_Image.java:26)
	at org.apache.maven.surefire.testng.TestNGExecutor.run(TestNGExecutor.java:178)
	at org.apache.maven.surefire.testng.TestNGXmlTestSuite.execute(TestNGXmlTestSuite.java:92)
	at org.apache.maven.surefire.testng.TestNGProvider.invoke(TestNGProvider.java:96)
	at org.apache.maven.surefire.util.ReflectionUtils.invokeMethodWithArray2(ReflectionUtils.java:208)
	at org.apache.maven.surefire.booter.ProviderFactory$ProviderProxy.invoke(ProviderFactory.java:159)
	at org.apache.maven.surefire.booter.ProviderFactory.invokeProvider(ProviderFactory.java:87)
	at org.apache.maven.surefire.booter.ForkedBooter.runSuitesInProcess(ForkedBooter.java:153)
	at org.apache.maven.surefire.booter.ForkedBooter.main(ForkedBooter.java:95)
... Removed 28 stack frames]]>
    </failure>
  </testcase> <!-- TC24_Add_Image -->
  <testcase name="TC25_Add_Flexi" time="701.636" classname="com.desktopWeb.scripts.tools.TC_25_Add_Flexi"/>
  <testcase name="TC26_Add_Tabs_Start" time="834.441" classname="com.desktopWeb.scripts.tools.TC_26_Add_Tabs_Start">
    <failure type="java.lang.AssertionError" message="Step TC26_Add_Tabs_Start Failed with description Failed expected [true] but found [false]">
      <![CDATA[java.lang.AssertionError: Step TC26_Add_Tabs_Start Failed with description Failed expected [true] but found [false]
	at com.ctaf.support.HtmlReportSupport.onFailure(HtmlReportSupport.java:778)
	at com.ctaf.utilities.Reporter.failureReport(Reporter.java:91)
	at com.desktopWeb.scripts.tools.TC_26_Add_Tabs_Start.TC26_Add_Tabs_Start(TC_26_Add_Tabs_Start.java:29)
	at org.apache.maven.surefire.testng.TestNGExecutor.run(TestNGExecutor.java:178)
	at org.apache.maven.surefire.testng.TestNGXmlTestSuite.execute(TestNGXmlTestSuite.java:92)
	at org.apache.maven.surefire.testng.TestNGProvider.invoke(TestNGProvider.java:96)
	at org.apache.maven.surefire.util.ReflectionUtils.invokeMethodWithArray2(ReflectionUtils.java:208)
	at org.apache.maven.surefire.booter.ProviderFactory$ProviderProxy.invoke(ProviderFactory.java:159)
	at org.apache.maven.surefire.booter.ProviderFactory.invokeProvider(ProviderFactory.java:87)
	at org.apache.maven.surefire.booter.ForkedBooter.runSuitesInProcess(ForkedBooter.java:153)
	at org.apache.maven.surefire.booter.ForkedBooter.main(ForkedBooter.java:95)
... Removed 28 stack frames]]>
    </failure>
  </testcase> <!-- TC26_Add_Tabs_Start -->
  <testcase name="TC27_Add_Button" time="591.51" classname="com.desktopWeb.scripts.tools.TC_27_Add_Button"/>
  <testcase name="TC28_Add_Web_Map" time="592.277" classname="com.desktopWeb.scripts.tools.TC_28_Add_Web_Map"/>
  <testcase name="TC29_Add_Image_Gallary" time="708.414" classname="com.desktopWeb.scripts.tools.TC_29_Add_Image_Gallary"/>
  <testcase name="TC30_Add_Image_Slider" time="801.636" classname="com.desktopWeb.scripts.tools.TC_30_Add_Image_Slider">
    <failure type="java.lang.AssertionError" message="Step AssertText  Failed with description imagetitle is not present in the element  expected [true] but found [false]">
      <![CDATA[java.lang.AssertionError: Step AssertText  Failed with description imagetitle is not present in the element  expected [true] but found [false]
	at com.ctaf.support.HtmlReportSupport.onFailure(HtmlReportSupport.java:778)
	at com.ctaf.utilities.Reporter.failureReport(Reporter.java:91)
	at com.ctaf.accelerators.ActionEngine.assertText(ActionEngine.java:1386)
	at com.desktopWeb.workflows.HelperClass.addImageSlider(HelperClass.java:1670)
	at com.desktopWeb.scripts.tools.TC_30_Add_Image_Slider.TC30_Add_Image_Slider(TC_30_Add_Image_Slider.java:27)
	at org.apache.maven.surefire.testng.TestNGExecutor.run(TestNGExecutor.java:178)
	at org.apache.maven.surefire.testng.TestNGXmlTestSuite.execute(TestNGXmlTestSuite.java:92)
	at org.apache.maven.surefire.testng.TestNGProvider.invoke(TestNGProvider.java:96)
	at org.apache.maven.surefire.util.ReflectionUtils.invokeMethodWithArray2(ReflectionUtils.java:208)
	at org.apache.maven.surefire.booter.ProviderFactory$ProviderProxy.invoke(ProviderFactory.java:159)
	at org.apache.maven.surefire.booter.ProviderFactory.invokeProvider(ProviderFactory.java:87)
	at org.apache.maven.surefire.booter.ForkedBooter.runSuitesInProcess(ForkedBooter.java:153)
	at org.apache.maven.surefire.booter.ForkedBooter.main(ForkedBooter.java:95)
... Removed 28 stack frames]]>
    </failure>
  </testcase> <!-- TC30_Add_Image_Slider -->
  <testcase name="TC31_Add_Video" time="592.58" classname="com.desktopWeb.scripts.tools.TC_31_Add_Video"/>
  <testcase name="TC32_Add_Swipe" time="640.908" classname="com.desktopWeb.scripts.tools.TC_32_Add_Swipe">
    <failure type="java.lang.AssertionError" message="Step TC32_Add_Swipe Failed with description Failed expected [true] but found [false]">
      <![CDATA[java.lang.AssertionError: Step TC32_Add_Swipe Failed with description Failed expected [true] but found [false]
	at com.ctaf.support.HtmlReportSupport.onFailure(HtmlReportSupport.java:778)
	at com.ctaf.utilities.Reporter.failureReport(Reporter.java:91)
	at com.desktopWeb.scripts.tools.TC_32_Add_Swipe.TC32_Add_Swipe(TC_32_Add_Swipe.java:30)
	at org.apache.maven.surefire.testng.TestNGExecutor.run(TestNGExecutor.java:178)
	at org.apache.maven.surefire.testng.TestNGXmlTestSuite.execute(TestNGXmlTestSuite.java:92)
	at org.apache.maven.surefire.testng.TestNGProvider.invoke(TestNGProvider.java:96)
	at org.apache.maven.surefire.util.ReflectionUtils.invokeMethodWithArray2(ReflectionUtils.java:208)
	at org.apache.maven.surefire.booter.ProviderFactory$ProviderProxy.invoke(ProviderFactory.java:159)
	at org.apache.maven.surefire.booter.ProviderFactory.invokeProvider(ProviderFactory.java:87)
	at org.apache.maven.surefire.booter.ForkedBooter.runSuitesInProcess(ForkedBooter.java:153)
	at org.apache.maven.surefire.booter.ForkedBooter.main(ForkedBooter.java:95)
... Removed 28 stack frames]]>
    </failure>
  </testcase> <!-- TC32_Add_Swipe -->
  <testcase name="TC33_Add_Form" time="636.112" classname="com.desktopWeb.scripts.tools.TC_33_Add_Form"/>
  <testcase name="TC34_Add_Quick_Poll" time="639.111" classname="com.desktopWeb.scripts.tools.TC_34_Add_Quick_Poll">
    <failure type="java.lang.AssertionError" message="Step TC34_Add_Quick_Poll Failed with description Failed expected [true] but found [false]">
      <![CDATA[java.lang.AssertionError: Step TC34_Add_Quick_Poll Failed with description Failed expected [true] but found [false]
	at com.ctaf.support.HtmlReportSupport.onFailure(HtmlReportSupport.java:778)
	at com.ctaf.utilities.Reporter.failureReport(Reporter.java:91)
	at com.desktopWeb.scripts.tools.TC_34_Add_Quick_Poll.TC34_Add_Quick_Poll(TC_34_Add_Quick_Poll.java:30)
	at org.apache.maven.surefire.testng.TestNGExecutor.run(TestNGExecutor.java:178)
	at org.apache.maven.surefire.testng.TestNGXmlTestSuite.execute(TestNGXmlTestSuite.java:92)
	at org.apache.maven.surefire.testng.TestNGProvider.invoke(TestNGProvider.java:96)
	at org.apache.maven.surefire.util.ReflectionUtils.invokeMethodWithArray2(ReflectionUtils.java:208)
	at org.apache.maven.surefire.booter.ProviderFactory$ProviderProxy.invoke(ProviderFactory.java:159)
	at org.apache.maven.surefire.booter.ProviderFactory.invokeProvider(ProviderFactory.java:87)
	at org.apache.maven.surefire.booter.ForkedBooter.runSuitesInProcess(ForkedBooter.java:153)
	at org.apache.maven.surefire.booter.ForkedBooter.main(ForkedBooter.java:95)
... Removed 28 stack frames]]>
    </failure>
  </testcase> <!-- TC34_Add_Quick_Poll -->
  <testcase name="TC35_Add_Conversation" time="591.359" classname="com.desktopWeb.scripts.tools.TC_35_Add_Conversation"/>
  <testcase name="TC36_Add_Social_Map" time="604.384" classname="com.desktopWeb.scripts.tools.TC_36_Add_Social_Map"/>
  <testcase name="TC37_Add_Visioner_Input" time="620.164" classname="com.desktopWeb.scripts.tools.TC_37_Add_Visioner_Input"/>
  <testcase name="TC38_Add_Visioner_Result" time="642.953" classname="com.desktopWeb.scripts.tools.TC_38_Add_Visioner_Result"/>
  <testcase name="TC39_Add_Forum" time="622.602" classname="com.desktopWeb.scripts.tools.TC_39_Add_Forum"/>
  <testcase name="TC40_Add_Document_Library" time="685.619" classname="com.desktopWeb.scripts.tools.TC_40_Add_Document_Library"/>
  <testcase name="TC41_Add_FAQ" time="632.009" classname="com.desktopWeb.scripts.tools.TC_41_Add_FAQ"/>
  <testcase name="TC42_Add_Key_Dates" time="634.553" classname="com.desktopWeb.scripts.tools.TC_42_Add_Key_Dates"/>
  <testcase name="TC43_Add_Links" time="543.607" classname="com.desktopWeb.scripts.tools.TC_43_Add_Links">
    <failure type="java.lang.AssertionError" message="Step Click Failed with description Unable to click on Link expected [true] but found [false]">
      <![CDATA[java.lang.AssertionError: Step Click Failed with description Unable to click on Link expected [true] but found [false]
	at com.ctaf.support.HtmlReportSupport.onFailure(HtmlReportSupport.java:778)
	at com.ctaf.utilities.Reporter.failureReport(Reporter.java:91)
	at com.ctaf.accelerators.ActionEngine.click(ActionEngine.java:94)
	at com.desktopWeb.workflows.HelperClass.addLink(HelperClass.java:1942)
	at com.desktopWeb.scripts.tools.TC_43_Add_Links.TC43_Add_Links(TC_43_Add_Links.java:27)
	at org.apache.maven.surefire.testng.TestNGExecutor.run(TestNGExecutor.java:178)
	at org.apache.maven.surefire.testng.TestNGXmlTestSuite.execute(TestNGXmlTestSuite.java:92)
	at org.apache.maven.surefire.testng.TestNGProvider.invoke(TestNGProvider.java:96)
	at org.apache.maven.surefire.util.ReflectionUtils.invokeMethodWithArray2(ReflectionUtils.java:208)
	at org.apache.maven.surefire.booter.ProviderFactory$ProviderProxy.invoke(ProviderFactory.java:159)
	at org.apache.maven.surefire.booter.ProviderFactory.invokeProvider(ProviderFactory.java:87)
	at org.apache.maven.surefire.booter.ForkedBooter.runSuitesInProcess(ForkedBooter.java:153)
	at org.apache.maven.surefire.booter.ForkedBooter.main(ForkedBooter.java:95)
... Removed 28 stack frames]]>
    </failure>
  </testcase> <!-- TC43_Add_Links -->
  <testcase name="TC44_Add_Timelines" time="480.21" classname="com.desktopWeb.scripts.tools.TC_44_Add_Timelines">
    <failure type="java.lang.AssertionError" message="Step TC44_Add_Timelines Failed with description Failed expected [true] but found [false]">
      <![CDATA[java.lang.AssertionError: Step TC44_Add_Timelines Failed with description Failed expected [true] but found [false]
	at com.ctaf.support.HtmlReportSupport.onFailure(HtmlReportSupport.java:778)
	at com.ctaf.utilities.Reporter.failureReport(Reporter.java:91)
	at com.desktopWeb.scripts.tools.TC_44_Add_Timelines.TC44_Add_Timelines(TC_44_Add_Timelines.java:30)
	at org.apache.maven.surefire.testng.TestNGExecutor.run(TestNGExecutor.java:178)
	at org.apache.maven.surefire.testng.TestNGXmlTestSuite.execute(TestNGXmlTestSuite.java:92)
	at org.apache.maven.surefire.testng.TestNGProvider.invoke(TestNGProvider.java:96)
	at org.apache.maven.surefire.util.ReflectionUtils.invokeMethodWithArray2(ReflectionUtils.java:208)
	at org.apache.maven.surefire.booter.ProviderFactory$ProviderProxy.invoke(ProviderFactory.java:159)
	at org.apache.maven.surefire.booter.ProviderFactory.invokeProvider(ProviderFactory.java:87)
	at org.apache.maven.surefire.booter.ForkedBooter.runSuitesInProcess(ForkedBooter.java:153)
	at org.apache.maven.surefire.booter.ForkedBooter.main(ForkedBooter.java:95)
... Removed 28 stack frames]]>
    </failure>
  </testcase> <!-- TC44_Add_Timelines -->
  <testcase name="TC45_Add_Contact_us" time="630.498" classname="com.desktopWeb.scripts.tools.TC_45_Add_Contact_us"/>
  <testcase name="TC46_Add_News_Feed" time="632.261" classname="com.desktopWeb.scripts.tools.TC_46_Add_News_Feed"/>
  <testcase name="TC47_Add_Feature" time="702.984" classname="com.desktopWeb.scripts.tools.TC_47_Add_Feature"/>
  <testcase name="TC48_Add_Accodion" time="656.604" classname="com.desktopWeb.scripts.tools.TC_48_Add_Accodion"/>
  <testcase name="TC50_Verify_Authoring_Tools_Options" time="276.119" classname="com.desktopWeb.scripts.tools.TC_50_Verify_Authoring_Tools_Options">
    <failure type="java.lang.AssertionError" message="Step TC50_Verify_Authoring_Tools_Options Failed with description Failed expected [true] but found [false]">
      <![CDATA[java.lang.AssertionError: Step TC50_Verify_Authoring_Tools_Options Failed with description Failed expected [true] but found [false]
	at com.ctaf.support.HtmlReportSupport.onFailure(HtmlReportSupport.java:778)
	at com.ctaf.utilities.Reporter.failureReport(Reporter.java:91)
	at com.desktopWeb.scripts.tools.TC_50_Verify_Authoring_Tools_Options.TC50_Verify_Authoring_Tools_Options(TC_50_Verify_Authoring_Tools_Options.java:26)
	at org.apache.maven.surefire.testng.TestNGExecutor.run(TestNGExecutor.java:178)
	at org.apache.maven.surefire.testng.TestNGXmlTestSuite.execute(TestNGXmlTestSuite.java:92)
	at org.apache.maven.surefire.testng.TestNGProvider.invoke(TestNGProvider.java:96)
	at org.apache.maven.surefire.util.ReflectionUtils.invokeMethodWithArray2(ReflectionUtils.java:208)
	at org.apache.maven.surefire.booter.ProviderFactory$ProviderProxy.invoke(ProviderFactory.java:159)
	at org.apache.maven.surefire.booter.ProviderFactory.invokeProvider(ProviderFactory.java:87)
	at org.apache.maven.surefire.booter.ForkedBooter.runSuitesInProcess(ForkedBooter.java:153)
	at org.apache.maven.surefire.booter.ForkedBooter.main(ForkedBooter.java:95)
... Removed 28 stack frames]]>
    </failure>
  </testcase> <!-- TC50_Verify_Authoring_Tools_Options -->
</testsuite> <!-- Grouping -->
