<?xml version="1.0" encoding="UTF-8"?>
<!-- Generated by org.testng.reporters.JUnitXMLReporter -->
<testsuite hostname="HW1746" ignored="34" name="Grouping" tests="18" failures="3" timestamp="30 Jan 2018 12:09:36 GMT" time="936.4" errors="0">
  <testcase name="TC_084_VerifySearchWithDifferentParameters" time="70.624" classname="com.Indigo.Commercial.TC_084_QBC_VerifySearchWithDifferentParameters"/>
  <testcase name="TC_121_PAXAd_ToVerifyFromAndToValidation" time="63.699" classname="com.Indigo.Commercial.TC_121_PAXAd_ToVerifyFromAndToValidation"/>
  <testcase name="TC_133_VerifyUserToNavigationBroadCast" time="6.093" classname="com.Indigo.Commercial.TC_133_BM_VerifyUserToNavigateBroadCast"/>
  <testcase name="TC_135_VerifyDownloadSampleFil" time="20.171" classname="com.Indigo.Commercial.TC_135_BM_VerifyDownloadSampleFile"/>
  <testcase name="TC_136_VerifyDownloadSampleFil" time="18.153" classname="com.Indigo.Commercial.TC_136_BM_VerifyUploadSampleFile"/>
  <testcase name="TC_138_BM_VerifyPreviewfunctionality" time="67.014" classname="com.Indigo.Commercial.TC_138_BM_VerifyPreviewFunctionality"/>
  <testcase name="TC_142_VerifyUploadWithOtherformat" time="26.115" classname="com.Indigo.Commercial.TC_142_BM_VerifyUploadWithOtherFormat"/>
  <testcase name="TC_150_BM_VerifyUnselectedcommunicationType" time="36.26" classname="com.Indigo.Commercial.TC_150_BM_VerifyUnselectedCommunicationType"/>
  <testcase name="TC_152_QA_VerifyqueueApproval" time="127.644" classname="com.Indigo.Commercial.TC_152_QA_VerifyQueueApproval">
    <failure type="java.lang.AssertionError" message="Step WaitForVisibilityOfElement  Failed with description  Element Queue Based Changes Heading is not visible expected [true] but found [false]">
      <![CDATA[java.lang.AssertionError: Step WaitForVisibilityOfElement  Failed with description  Element Queue Based Changes Heading is not visible expected [true] but found [false]
	at org.testng.Assert.fail(Assert.java:93)
	at org.testng.Assert.failNotEquals(Assert.java:512)
	at org.testng.Assert.assertTrue(Assert.java:41)
	at com.ctaf.support.HtmlReportSupport.onFailure(HtmlReportSupport.java:778)
	at com.ctaf.utilities.Reporter.failureReport(Reporter.java:91)
	at com.ctaf.accelerators.ActionEngine.waitForVisibilityOfElement(ActionEngine.java:2160)
	at com.desktopWeb.workflows.HelperClass.Comm_QBC_VerifyPage(HelperClass.java:1156)
	at com.Indigo.Commercial.TC_152_QA_VerifyQueueApproval.TC_152_QA_VerifyqueueApproval(TC_152_QA_VerifyQueueApproval.java:25)
	at sun.reflect.NativeMethodAccessorImpl.invoke0(Native Method)
	at sun.reflect.NativeMethodAccessorImpl.invoke(NativeMethodAccessorImpl.java:62)
	at sun.reflect.DelegatingMethodAccessorImpl.invoke(DelegatingMethodAccessorImpl.java:43)
	at java.lang.reflect.Method.invoke(Method.java:498)
	at org.testng.internal.MethodInvocationHelper.invokeMethod(MethodInvocationHelper.java:108)
	at org.testng.internal.Invoker.invokeMethod(Invoker.java:669)
	at org.testng.internal.Invoker.invokeTestMethod(Invoker.java:877)
	at org.testng.internal.Invoker.invokeTestMethods(Invoker.java:1201)
	at org.testng.internal.TestMethodWorker.invokeTestMethods(TestMethodWorker.java:125)
	at org.testng.internal.TestMethodWorker.run(TestMethodWorker.java:109)
	at org.testng.TestRunner.privateRun(TestRunner.java:776)
	at org.testng.TestRunner.run(TestRunner.java:634)
	at org.testng.SuiteRunner.runTest(SuiteRunner.java:425)
	at org.testng.SuiteRunner.runSequentially(SuiteRunner.java:420)
	at org.testng.SuiteRunner.privateRun(SuiteRunner.java:385)
	at org.testng.SuiteRunner.run(SuiteRunner.java:334)
	at org.testng.SuiteRunnerWorker.runSuite(SuiteRunnerWorker.java:52)
	at org.testng.SuiteRunnerWorker.run(SuiteRunnerWorker.java:86)
	at org.testng.TestNG.runSuitesSequentially(TestNG.java:1318)
	at org.testng.TestNG.runSuitesLocally(TestNG.java:1243)
	at org.testng.TestNG.runSuites(TestNG.java:1161)
	at org.testng.TestNG.run(TestNG.java:1129)
	at org.testng.remote.AbstractRemoteTestNG.run(AbstractRemoteTestNG.java:114)
	at org.testng.remote.RemoteTestNG.initAndRun(RemoteTestNG.java:251)
	at org.testng.remote.RemoteTestNG.main(RemoteTestNG.java:77)
]]>
    </failure>
  </testcase> <!-- TC_152_QA_VerifyqueueApproval -->
  <testcase name="TC_156_QA_VerifyExportToExcel" time="24.421" classname="com.Indigo.Commercial.TC_156_QA_VerifyExportToExcel"/>
  <testcase name="TC_165_QA_VerifyprocessedUnprocessedQueue" time="55.437" classname="com.Indigo.Commercial.TC_165_QA_VerifyProcessedUnprocessedQueue">
    <failure type="org.openqa.selenium.NoSuchWindowException" message="no such window: target window already closed
from unknown error: web view not found
  (Session info: chrome=63.0.3239.132)
  (Driver info: chromedriver=2.34.522940 (1a76f96f66e3ca7b8e57d503b4dd3bccfba87af1),platform=Windows NT 6.1.7601 SP1 x86_64) (WARNING: The server did not provide any stacktrace information)
Command duration or timeout: 0 milliseconds
Build info: version: &amp;apos;3.0.1&amp;apos;, revision: &amp;apos;1969d75&amp;apos;, time: &amp;apos;2016-10-18 09:49:13 -0700&amp;apos;
System info: host: &amp;apos;HW1746&amp;apos;, ip: &amp;apos;169.254.243.29&amp;apos;, os.name: &amp;apos;Windows 7&amp;apos;, os.arch: &amp;apos;amd64&amp;apos;, os.version: &amp;apos;6.1&amp;apos;, java.version: &amp;apos;1.8.0_144&amp;apos;
Driver info: org.openqa.selenium.chrome.ChromeDriver
Capabilities [{applicationCacheEnabled=false, rotatable=false, mobileEmulationEnabled=false, networkConnectionEnabled=false, chrome={chromedriverVersion=2.34.522940 (1a76f96f66e3ca7b8e57d503b4dd3bccfba87af1), userDataDir=C:\Users\E003681\AppData\Local\Temp\scoped_dir6392_261}, takesHeapSnapshot=true, pageLoadStrategy=normal, databaseEnabled=false, handlesAlerts=true, hasTouchScreen=false, version=63.0.3239.132, platform=XP, browserConnectionEnabled=false, nativeEvents=true, acceptSslCerts=true, locationContextEnabled=true, webStorageEnabled=true, browserName=chrome, takesScreenshot=true, javascriptEnabled=true, cssSelectorsEnabled=true, setWindowRect=true, unexpectedAlertBehaviour=}]
Session ID: a898dfb4539178b72ab1aba19728a21a">
      <![CDATA[org.openqa.selenium.NoSuchWindowException: no such window: target window already closed
from unknown error: web view not found
  (Session info: chrome=63.0.3239.132)
  (Driver info: chromedriver=2.34.522940 (1a76f96f66e3ca7b8e57d503b4dd3bccfba87af1),platform=Windows NT 6.1.7601 SP1 x86_64) (WARNING: The server did not provide any stacktrace information)
Command duration or timeout: 0 milliseconds
Build info: version: '3.0.1', revision: '1969d75', time: '2016-10-18 09:49:13 -0700'
System info: host: 'HW1746', ip: '169.254.243.29', os.name: 'Windows 7', os.arch: 'amd64', os.version: '6.1', java.version: '1.8.0_144'
Driver info: org.openqa.selenium.chrome.ChromeDriver
Capabilities [{applicationCacheEnabled=false, rotatable=false, mobileEmulationEnabled=false, networkConnectionEnabled=false, chrome={chromedriverVersion=2.34.522940 (1a76f96f66e3ca7b8e57d503b4dd3bccfba87af1), userDataDir=C:\Users\E003681\AppData\Local\Temp\scoped_dir6392_261}, takesHeapSnapshot=true, pageLoadStrategy=normal, databaseEnabled=false, handlesAlerts=true, hasTouchScreen=false, version=63.0.3239.132, platform=XP, browserConnectionEnabled=false, nativeEvents=true, acceptSslCerts=true, locationContextEnabled=true, webStorageEnabled=true, browserName=chrome, takesScreenshot=true, javascriptEnabled=true, cssSelectorsEnabled=true, setWindowRect=true, unexpectedAlertBehaviour=}]
Session ID: a898dfb4539178b72ab1aba19728a21a
	at sun.reflect.NativeConstructorAccessorImpl.newInstance0(Native Method)
	at sun.reflect.NativeConstructorAccessorImpl.newInstance(NativeConstructorAccessorImpl.java:62)
	at sun.reflect.DelegatingConstructorAccessorImpl.newInstance(DelegatingConstructorAccessorImpl.java:45)
	at java.lang.reflect.Constructor.newInstance(Constructor.java:423)
	at org.openqa.selenium.remote.ErrorHandler.createThrowable(ErrorHandler.java:216)
	at org.openqa.selenium.remote.ErrorHandler.throwIfResponseFailed(ErrorHandler.java:168)
	at org.openqa.selenium.remote.RemoteWebDriver.execute(RemoteWebDriver.java:635)
	at org.openqa.selenium.remote.RemoteWebDriver.execute(RemoteWebDriver.java:658)
	at org.openqa.selenium.remote.RemoteWebDriver.getScreenshotAs(RemoteWebDriver.java:340)
	at com.ctaf.accelerators.ActionEngine.screenShot(ActionEngine.java:1771)
	at com.ctaf.utilities.Reporter.failureReport(Reporter.java:87)
	at com.Indigo.Commercial.TC_165_QA_VerifyProcessedUnprocessedQueue.TC_165_QA_VerifyprocessedUnprocessedQueue(TC_165_QA_VerifyProcessedUnprocessedQueue.java:94)
	at sun.reflect.NativeMethodAccessorImpl.invoke0(Native Method)
	at sun.reflect.NativeMethodAccessorImpl.invoke(NativeMethodAccessorImpl.java:62)
	at sun.reflect.DelegatingMethodAccessorImpl.invoke(DelegatingMethodAccessorImpl.java:43)
	at java.lang.reflect.Method.invoke(Method.java:498)
	at org.testng.internal.MethodInvocationHelper.invokeMethod(MethodInvocationHelper.java:108)
	at org.testng.internal.Invoker.invokeMethod(Invoker.java:669)
	at org.testng.internal.Invoker.invokeTestMethod(Invoker.java:877)
	at org.testng.internal.Invoker.invokeTestMethods(Invoker.java:1201)
	at org.testng.internal.TestMethodWorker.invokeTestMethods(TestMethodWorker.java:125)
	at org.testng.internal.TestMethodWorker.run(TestMethodWorker.java:109)
	at org.testng.TestRunner.privateRun(TestRunner.java:776)
	at org.testng.TestRunner.run(TestRunner.java:634)
	at org.testng.SuiteRunner.runTest(SuiteRunner.java:425)
	at org.testng.SuiteRunner.runSequentially(SuiteRunner.java:420)
	at org.testng.SuiteRunner.privateRun(SuiteRunner.java:385)
	at org.testng.SuiteRunner.run(SuiteRunner.java:334)
	at org.testng.SuiteRunnerWorker.runSuite(SuiteRunnerWorker.java:52)
	at org.testng.SuiteRunnerWorker.run(SuiteRunnerWorker.java:86)
	at org.testng.TestNG.runSuitesSequentially(TestNG.java:1318)
	at org.testng.TestNG.runSuitesLocally(TestNG.java:1243)
	at org.testng.TestNG.runSuites(TestNG.java:1161)
	at org.testng.TestNG.run(TestNG.java:1129)
	at org.testng.remote.AbstractRemoteTestNG.run(AbstractRemoteTestNG.java:114)
	at org.testng.remote.RemoteTestNG.initAndRun(RemoteTestNG.java:251)
	at org.testng.remote.RemoteTestNG.main(RemoteTestNG.java:77)
]]>
    </failure>
  </testcase> <!-- TC_165_QA_VerifyprocessedUnprocessedQueue -->
  <testcase name="TC_172_QBC_VerifyqueueBasedChangesPage" time="22.405" classname="com.Indigo.Commercial.TC_172_QBC_VerifyQueueBasedChangesPage"/>
  <testcase name="TC_178_VerifyIfCheckBoxesForEmailSMSIVRInSearch" time="21.96" classname="com.Indigo.Commercial.TC_178_QBC_VerifyIfCheckBoxesForEmailSMSIVRInSearch"/>
  <testcase name="TC_179_VerifySelectAllEmailChekbox" time="20.92" classname="com.Indigo.Commercial.TC_179_QBC_VerifySelectAllEmailCheckbox"/>
  <testcase name="TC_180_VerifySelectAllSMSCheckbox" time="21.8" classname="com.Indigo.Commercial.TC_180_QBC_VerifySelectAllSMSCheckbox"/>
  <testcase name="TC_181_VerifySelectAllIVRCheckbox" time="23.574" classname="com.Indigo.Commercial.TC_181_QBC_VerifySelectAllIVRCheckbox"/>
  <testcase name="TC_185_QBC_VerifySendandSendAllButton" time="46.439" classname="com.Indigo.Commercial.TC_185_QBC_VerifySendAndSendAllButton"/>
  <testcase name="TC_191_QBC_VerifyQueueWithDifferentOptions" time="138.103" classname="com.Indigo.Commercial.TC_191_QBC_VerifyQueueWithDifferentOptions">
    <failure type="java.lang.AssertionError" message="Step WaitForVisibilityOfElement  Failed with description  Element SMS Hyperlink is not visible expected [true] but found [false]">
      <![CDATA[java.lang.AssertionError: Step WaitForVisibilityOfElement  Failed with description  Element SMS Hyperlink is not visible expected [true] but found [false]
	at org.testng.Assert.fail(Assert.java:93)
	at org.testng.Assert.failNotEquals(Assert.java:512)
	at org.testng.Assert.assertTrue(Assert.java:41)
	at com.ctaf.support.HtmlReportSupport.onFailure(HtmlReportSupport.java:778)
	at com.ctaf.utilities.Reporter.failureReport(Reporter.java:91)
	at com.ctaf.accelerators.ActionEngine.waitForVisibilityOfElement(ActionEngine.java:2160)
	at com.desktopWeb.workflows.HelperClass.Comm_QBC_VerifyHyperlinks(HelperClass.java:1403)
	at com.Indigo.Commercial.TC_191_QBC_VerifyQueueWithDifferentOptions.TC_191_QBC_VerifyQueueWithDifferentOptions(TC_191_QBC_VerifyQueueWithDifferentOptions.java:28)
	at sun.reflect.NativeMethodAccessorImpl.invoke0(Native Method)
	at sun.reflect.NativeMethodAccessorImpl.invoke(NativeMethodAccessorImpl.java:62)
	at sun.reflect.DelegatingMethodAccessorImpl.invoke(DelegatingMethodAccessorImpl.java:43)
	at java.lang.reflect.Method.invoke(Method.java:498)
	at org.testng.internal.MethodInvocationHelper.invokeMethod(MethodInvocationHelper.java:108)
	at org.testng.internal.Invoker.invokeMethod(Invoker.java:669)
	at org.testng.internal.Invoker.invokeTestMethod(Invoker.java:877)
	at org.testng.internal.Invoker.invokeTestMethods(Invoker.java:1201)
	at org.testng.internal.TestMethodWorker.invokeTestMethods(TestMethodWorker.java:125)
	at org.testng.internal.TestMethodWorker.run(TestMethodWorker.java:109)
	at org.testng.TestRunner.privateRun(TestRunner.java:776)
	at org.testng.TestRunner.run(TestRunner.java:634)
	at org.testng.SuiteRunner.runTest(SuiteRunner.java:425)
	at org.testng.SuiteRunner.runSequentially(SuiteRunner.java:420)
	at org.testng.SuiteRunner.privateRun(SuiteRunner.java:385)
	at org.testng.SuiteRunner.run(SuiteRunner.java:334)
	at org.testng.SuiteRunnerWorker.runSuite(SuiteRunnerWorker.java:52)
	at org.testng.SuiteRunnerWorker.run(SuiteRunnerWorker.java:86)
	at org.testng.TestNG.runSuitesSequentially(TestNG.java:1318)
	at org.testng.TestNG.runSuitesLocally(TestNG.java:1243)
	at org.testng.TestNG.runSuites(TestNG.java:1161)
	at org.testng.TestNG.run(TestNG.java:1129)
	at org.testng.remote.AbstractRemoteTestNG.run(AbstractRemoteTestNG.java:114)
	at org.testng.remote.RemoteTestNG.initAndRun(RemoteTestNG.java:251)
	at org.testng.remote.RemoteTestNG.main(RemoteTestNG.java:77)
]]>
    </failure>
  </testcase> <!-- TC_191_QBC_VerifyQueueWithDifferentOptions -->
  <testcase name="@AfterSuite tearDown" time="0.0" classname="com.ctaf.accelerators.TestEngine">
    <ignored/>
  </testcase> <!-- @AfterSuite tearDown -->
  <testcase name="@AfterSuite tearDown" time="0.0" classname="com.ctaf.accelerators.TestEngine">
    <ignored/>
  </testcase> <!-- @AfterSuite tearDown -->
  <testcase name="@AfterSuite tearDown" time="0.0" classname="com.ctaf.accelerators.TestEngine">
    <ignored/>
  </testcase> <!-- @AfterSuite tearDown -->
  <testcase name="@AfterSuite tearDown" time="0.0" classname="com.ctaf.accelerators.TestEngine">
    <ignored/>
  </testcase> <!-- @AfterSuite tearDown -->
  <testcase name="@AfterSuite tearDown" time="0.0" classname="com.ctaf.accelerators.TestEngine">
    <ignored/>
  </testcase> <!-- @AfterSuite tearDown -->
  <testcase name="@AfterSuite tearDown" time="0.0" classname="com.ctaf.accelerators.TestEngine">
    <ignored/>
  </testcase> <!-- @AfterSuite tearDown -->
  <testcase name="@AfterSuite tearDown" time="0.0" classname="com.ctaf.accelerators.TestEngine">
    <ignored/>
  </testcase> <!-- @AfterSuite tearDown -->
  <testcase name="@AfterSuite tearDown" time="0.0" classname="com.ctaf.accelerators.TestEngine">
    <ignored/>
  </testcase> <!-- @AfterSuite tearDown -->
  <testcase name="@AfterSuite tearDown" time="0.0" classname="com.ctaf.accelerators.TestEngine">
    <ignored/>
  </testcase> <!-- @AfterSuite tearDown -->
  <testcase name="@AfterSuite tearDown" time="0.0" classname="com.ctaf.accelerators.TestEngine">
    <ignored/>
  </testcase> <!-- @AfterSuite tearDown -->
  <testcase name="@AfterSuite tearDown" time="0.0" classname="com.ctaf.accelerators.TestEngine">
    <ignored/>
  </testcase> <!-- @AfterSuite tearDown -->
  <testcase name="@AfterSuite tearDown" time="0.0" classname="com.ctaf.accelerators.TestEngine">
    <ignored/>
  </testcase> <!-- @AfterSuite tearDown -->
  <testcase name="@AfterSuite tearDown" time="0.0" classname="com.ctaf.accelerators.TestEngine">
    <ignored/>
  </testcase> <!-- @AfterSuite tearDown -->
  <testcase name="@AfterSuite tearDown" time="0.0" classname="com.ctaf.accelerators.TestEngine">
    <ignored/>
  </testcase> <!-- @AfterSuite tearDown -->
  <testcase name="@AfterSuite tearDown" time="0.0" classname="com.ctaf.accelerators.TestEngine">
    <ignored/>
  </testcase> <!-- @AfterSuite tearDown -->
  <testcase name="@AfterSuite tearDown" time="0.0" classname="com.ctaf.accelerators.TestEngine">
    <ignored/>
  </testcase> <!-- @AfterSuite tearDown -->
  <testcase name="@AfterSuite tearDown" time="0.0" classname="com.ctaf.accelerators.TestEngine">
    <ignored/>
  </testcase> <!-- @AfterSuite tearDown -->
  <testcase name="@BeforeSuite setupSuite" time="0.0" classname="com.ctaf.accelerators.TestEngine">
    <ignored/>
  </testcase> <!-- @BeforeSuite setupSuite -->
  <testcase name="@BeforeSuite setupSuite" time="0.0" classname="com.ctaf.accelerators.TestEngine">
    <ignored/>
  </testcase> <!-- @BeforeSuite setupSuite -->
  <testcase name="@BeforeSuite setupSuite" time="0.0" classname="com.ctaf.accelerators.TestEngine">
    <ignored/>
  </testcase> <!-- @BeforeSuite setupSuite -->
  <testcase name="@BeforeSuite setupSuite" time="0.0" classname="com.ctaf.accelerators.TestEngine">
    <ignored/>
  </testcase> <!-- @BeforeSuite setupSuite -->
  <testcase name="@BeforeSuite setupSuite" time="0.0" classname="com.ctaf.accelerators.TestEngine">
    <ignored/>
  </testcase> <!-- @BeforeSuite setupSuite -->
  <testcase name="@BeforeSuite setupSuite" time="0.0" classname="com.ctaf.accelerators.TestEngine">
    <ignored/>
  </testcase> <!-- @BeforeSuite setupSuite -->
  <testcase name="@BeforeSuite setupSuite" time="0.0" classname="com.ctaf.accelerators.TestEngine">
    <ignored/>
  </testcase> <!-- @BeforeSuite setupSuite -->
  <testcase name="@BeforeSuite setupSuite" time="0.0" classname="com.ctaf.accelerators.TestEngine">
    <ignored/>
  </testcase> <!-- @BeforeSuite setupSuite -->
  <testcase name="@BeforeSuite setupSuite" time="0.0" classname="com.ctaf.accelerators.TestEngine">
    <ignored/>
  </testcase> <!-- @BeforeSuite setupSuite -->
  <testcase name="@BeforeSuite setupSuite" time="0.0" classname="com.ctaf.accelerators.TestEngine">
    <ignored/>
  </testcase> <!-- @BeforeSuite setupSuite -->
  <testcase name="@BeforeSuite setupSuite" time="0.0" classname="com.ctaf.accelerators.TestEngine">
    <ignored/>
  </testcase> <!-- @BeforeSuite setupSuite -->
  <testcase name="@BeforeSuite setupSuite" time="0.0" classname="com.ctaf.accelerators.TestEngine">
    <ignored/>
  </testcase> <!-- @BeforeSuite setupSuite -->
  <testcase name="@BeforeSuite setupSuite" time="0.0" classname="com.ctaf.accelerators.TestEngine">
    <ignored/>
  </testcase> <!-- @BeforeSuite setupSuite -->
  <testcase name="@BeforeSuite setupSuite" time="0.0" classname="com.ctaf.accelerators.TestEngine">
    <ignored/>
  </testcase> <!-- @BeforeSuite setupSuite -->
  <testcase name="@BeforeSuite setupSuite" time="0.0" classname="com.ctaf.accelerators.TestEngine">
    <ignored/>
  </testcase> <!-- @BeforeSuite setupSuite -->
  <testcase name="@BeforeSuite setupSuite" time="0.0" classname="com.ctaf.accelerators.TestEngine">
    <ignored/>
  </testcase> <!-- @BeforeSuite setupSuite -->
  <testcase name="@BeforeSuite setupSuite" time="0.0" classname="com.ctaf.accelerators.TestEngine">
    <ignored/>
  </testcase> <!-- @BeforeSuite setupSuite -->
</testsuite> <!-- Grouping -->
