<html>
<head>
<title>TestNG:  Grouping</title>
<link href="../testng.css" rel="stylesheet" type="text/css" />
<link href="../my-testng.css" rel="stylesheet" type="text/css" />

<style type="text/css">
.log { display: none;} 
.stack-trace { display: none;} 
</style>
<script type="text/javascript">
<!--
function flip(e) {
  current = e.style.display;
  if (current == 'block') {
    e.style.display = 'none';
    return 0;
  }
  else {
    e.style.display = 'block';
    return 1;
  }
}

function toggleBox(szDivId, elem, msg1, msg2)
{
  var res = -1;  if (document.getElementById) {
    res = flip(document.getElementById(szDivId));
  }
  else if (document.all) {
    // this is the way old msie versions work
    res = flip(document.all[szDivId]);
  }
  if(elem) {
    if(res == 0) elem.innerHTML = msg1; else elem.innerHTML = msg2;
  }

}

function toggleAllBoxes() {
  if (document.getElementsByTagName) {
    d = document.getElementsByTagName('div');
    for (i = 0; i < d.length; i++) {
      if (d[i].className == 'log') {
        flip(d[i]);
      }
    }
  }
}

// -->
</script>

</head>
<body>
<h2 align='center'>Grouping</h2><table border='1' align="center">
<tr>
<td>Tests passed/Failed/Skipped:</td><td>15/3/0</td>
</tr><tr>
<td>Started on:</td><td>Tue Jan 30 17:23:59 IST 2018</td>
</tr>
<tr><td>Total time:</td><td>936 seconds (936400 ms)</td>
</tr><tr>
<td>Included groups:</td><td></td>
</tr><tr>
<td>Excluded groups:</td><td></td>
</tr>
</table><p/>
<small><i>(Hover the method name to see the test class name)</i></small><p/>
<table width='100%' border='1' class='invocation-failed'>
<tr><td colspan='4' align='center'><b>FAILED TESTS</b></td></tr>
<tr><td><b>Test method</b></td>
<td width="30%"><b>Exception</b></td>
<td width="10%"><b>Time (seconds)</b></td>
<td><b>Instance</b></td>
</tr>
<tr>
<td title='com.Indigo.Commercial.TC_152_QA_VerifyQueueApproval.TC_152_QA_VerifyqueueApproval()'><b>TC_152_QA_VerifyqueueApproval</b><br>Test class: com.Indigo.Commercial.TC_152_QA_VerifyQueueApproval<br>Parameters: seema.rani, Test@123, Commericial, Queue Approval, Flight Movement, , To verify Queue Approval page</td>
<td><div><pre>java.lang.AssertionError: Step WaitForVisibilityOfElement  Failed with description  Element Queue Based Changes Heading is not visible expected [true] but found [false]
	at org.testng.Assert.fail(Assert.java:93)
	at org.testng.Assert.failNotEquals(Assert.java:512)
	at org.testng.Assert.assertTrue(Assert.java:41)
	at com.ctaf.support.HtmlReportSupport.onFailure(HtmlReportSupport.java:778)
	at com.ctaf.utilities.Reporter.failureReport(Reporter.java:91)
	at com.ctaf.accelerators.ActionEngine.waitForVisibilityOfElement(ActionEngine.java:2160)
	at com.desktopWeb.workflows.HelperClass.Comm_QBC_VerifyPage(HelperClass.java:1156)
	at com.Indigo.Commercial.TC_152_QA_VerifyQueueApproval.TC_152_QA_VerifyqueueApproval(TC_152_QA_VerifyQueueApproval.java:25)
	at sun.reflect.NativeMethodAccessorImpl.invoke0(Native Method)
	at sun.reflect.NativeMethodAccessorImpl.invoke(NativeMethodAccessorImpl.java:62)
	at sun.reflect.DelegatingMethodAccessorImpl.invoke(DelegatingMethodAccessorImpl.java:43)
	at java.lang.reflect.Method.invoke(Method.java:498)
	at org.testng.internal.MethodInvocationHelper.invokeMethod(MethodInvocationHelper.java:108)
	at org.testng.internal.Invoker.invokeMethod(Invoker.java:669)
	at org.testng.internal.Invoker.invokeTestMethod(Invoker.java:877)
	at org.testng.internal.Invoker.invokeTestMethods(Invoker.java:1201)
	at org.testng.internal.TestMethodWorker.invokeTestMethods(TestMethodWorker.java:125)
	at org.testng.internal.TestMethodWorker.run(TestMethodWorker.java:109)
	at org.testng.TestRunner.privateRun(TestRunner.java:776)
	at org.testng.TestRunner.run(TestRunner.java:634)
	at org.testng.SuiteRunner.runTest(SuiteRunner.java:425)
	at org.testng.SuiteRunner.runSequentially(SuiteRunner.java:420)
	at org.testng.SuiteRunner.privateRun(SuiteRunner.java:385)
	at org.testng.SuiteRunner.run(SuiteRunner.java:334)
	at org.testng.SuiteRunnerWorker.runSuite(SuiteRunnerWorker.java:52)
	at org.testng.SuiteRunnerWorker.run(SuiteRunnerWorker.java:86)
	at org.testng.TestNG.runSuitesSequentially(TestNG.java:1318)
	at org.testng.TestNG.runSuitesLocally(TestNG.java:1243)
	at org.testng.TestNG.runSuites(TestNG.java:1161)
	at org.testng.TestNG.run(TestNG.java:1129)
	at org.testng.remote.AbstractRemoteTestNG.run(AbstractRemoteTestNG.java:114)
	at org.testng.remote.RemoteTestNG.initAndRun(RemoteTestNG.java:251)
	at org.testng.remote.RemoteTestNG.main(RemoteTestNG.java:77)
</pre></div><a href='#' onClick='toggleBox("stack-trace718512571", this, "Click to show all stack frames", "Click to hide stack frames")'>Click to show all stack frames</a>
<div class='stack-trace' id='stack-trace718512571'><pre>java.lang.AssertionError: Step WaitForVisibilityOfElement  Failed with description  Element Queue Based Changes Heading is not visible expected [true] but found [false]
	at org.testng.Assert.fail(Assert.java:93)
	at org.testng.Assert.failNotEquals(Assert.java:512)
	at org.testng.Assert.assertTrue(Assert.java:41)
	at com.ctaf.support.HtmlReportSupport.onFailure(HtmlReportSupport.java:778)
	at com.ctaf.utilities.Reporter.failureReport(Reporter.java:91)
	at com.ctaf.accelerators.ActionEngine.waitForVisibilityOfElement(ActionEngine.java:2160)
	at com.desktopWeb.workflows.HelperClass.Comm_QBC_VerifyPage(HelperClass.java:1156)
	at com.Indigo.Commercial.TC_152_QA_VerifyQueueApproval.TC_152_QA_VerifyqueueApproval(TC_152_QA_VerifyQueueApproval.java:25)
	at sun.reflect.NativeMethodAccessorImpl.invoke0(Native Method)
	at sun.reflect.NativeMethodAccessorImpl.invoke(NativeMethodAccessorImpl.java:62)
	at sun.reflect.DelegatingMethodAccessorImpl.invoke(DelegatingMethodAccessorImpl.java:43)
	at java.lang.reflect.Method.invoke(Method.java:498)
	at org.testng.internal.MethodInvocationHelper.invokeMethod(MethodInvocationHelper.java:108)
	at org.testng.internal.Invoker.invokeMethod(Invoker.java:669)
	at org.testng.internal.Invoker.invokeTestMethod(Invoker.java:877)
	at org.testng.internal.Invoker.invokeTestMethods(Invoker.java:1201)
	at org.testng.internal.TestMethodWorker.invokeTestMethods(TestMethodWorker.java:125)
	at org.testng.internal.TestMethodWorker.run(TestMethodWorker.java:109)
	at org.testng.TestRunner.privateRun(TestRunner.java:776)
	at org.testng.TestRunner.run(TestRunner.java:634)
	at org.testng.SuiteRunner.runTest(SuiteRunner.java:425)
	at org.testng.SuiteRunner.runSequentially(SuiteRunner.java:420)
	at org.testng.SuiteRunner.privateRun(SuiteRunner.java:385)
	at org.testng.SuiteRunner.run(SuiteRunner.java:334)
	at org.testng.SuiteRunnerWorker.runSuite(SuiteRunnerWorker.java:52)
	at org.testng.SuiteRunnerWorker.run(SuiteRunnerWorker.java:86)
	at org.testng.TestNG.runSuitesSequentially(TestNG.java:1318)
	at org.testng.TestNG.runSuitesLocally(TestNG.java:1243)
	at org.testng.TestNG.runSuites(TestNG.java:1161)
	at org.testng.TestNG.run(TestNG.java:1129)
	at org.testng.remote.AbstractRemoteTestNG.run(AbstractRemoteTestNG.java:114)
	at org.testng.remote.RemoteTestNG.initAndRun(RemoteTestNG.java:251)
	at org.testng.remote.RemoteTestNG.main(RemoteTestNG.java:77)
</pre></div></td>
<td>127</td>
<td>com.Indigo.Commercial.TC_152_QA_VerifyQueueApproval@35cabb2a</td></tr>
<tr>
<td title='com.Indigo.Commercial.TC_165_QA_VerifyProcessedUnprocessedQueue.TC_165_QA_VerifyprocessedUnprocessedQueue()'><b>TC_165_QA_VerifyprocessedUnprocessedQueue</b><br>Test class: com.Indigo.Commercial.TC_165_QA_VerifyProcessedUnprocessedQueue<br>Parameters: seema.rani, Test@123, Commericial, Queue Approval, Flight Movement, , Time Change Delay Less than 2 hours, Time Change Prepone Greater than 1 hours, Time Change Prepone Less than 1 hours, Time Change Prepone Greater than 1 hours, To verify Queue Approval page</td>
<td><div><pre>org.openqa.selenium.NoSuchWindowException: no such window: target window already closed
from unknown error: web view not found
  (Session info: chrome=63.0.3239.132)
  (Driver info: chromedriver=2.34.522940 (1a76f96f66e3ca7b8e57d503b4dd3bccfba87af1),platform=Windows NT 6.1.7601 SP1 x86_64) (WARNING: The server did not provide any stacktrace information)
Command duration or timeout: 0 milliseconds
Build info: version: &apos;3.0.1&apos;, revision: &apos;1969d75&apos;, time: &apos;2016-10-18 09:49:13 -0700&apos;
System info: host: &apos;HW1746&apos;, ip: &apos;169.254.243.29&apos;, os.name: &apos;Windows 7&apos;, os.arch: &apos;amd64&apos;, os.version: &apos;6.1&apos;, java.version: &apos;1.8.0_144&apos;
Driver info: org.openqa.selenium.chrome.ChromeDriver
Capabilities [{applicationCacheEnabled=false, rotatable=false, mobileEmulationEnabled=false, networkConnectionEnabled=false, chrome={chromedriverVersion=2.34.522940 (1a76f96f66e3ca7b8e57d503b4dd3bccfba87af1), userDataDir=C:\Users\E003681\AppData\Local\Temp\scoped_dir6392_261}, takesHeapSnapshot=true, pageLoadStrategy=normal, databaseEnabled=false, handlesAlerts=true, hasTouchScreen=false, version=63.0.3239.132, platform=XP, browserConnectionEnabled=false, nativeEvents=true, acceptSslCerts=true, locationContextEnabled=true, webStorageEnabled=true, browserName=chrome, takesScreenshot=true, javascriptEnabled=true, cssSelectorsEnabled=true, setWindowRect=true, unexpectedAlertBehaviour=}]
Session ID: a898dfb4539178b72ab1aba19728a21a
	at sun.reflect.NativeConstructorAccessorImpl.newInstance0(Native Method)
	at sun.reflect.NativeConstructorAccessorImpl.newInstance(NativeConstructorAccessorImpl.java:62)
	at sun.reflect.DelegatingConstructorAccessorImpl.newInstance(DelegatingConstructorAccessorImpl.java:45)
	at java.lang.reflect.Constructor.newInstance(Constructor.java:423)
	at org.openqa.selenium.remote.ErrorHandler.createThrowable(ErrorHandler.java:216)
	at org.openqa.selenium.remote.ErrorHandler.throwIfResponseFailed(ErrorHandler.java:168)
	at org.openqa.selenium.remote.RemoteWebDriver.execute(RemoteWebDriver.java:635)
	at org.openqa.selenium.remote.RemoteWebDriver.execute(RemoteWebDriver.java:658)
	at org.openqa.selenium.remote.RemoteWebDriver.getScreenshotAs(RemoteWebDriver.java:340)
	at com.ctaf.accelerators.ActionEngine.screenShot(ActionEngine.java:1771)
	at com.ctaf.utilities.Reporter.failureReport(Reporter.java:87)
	at com.Indigo.Commercial.TC_165_QA_VerifyProcessedUnprocessedQueue.TC_165_QA_VerifyprocessedUnprocessedQueue(TC_165_QA_VerifyProcessedUnprocessedQueue.java:94)
	at sun.reflect.NativeMethodAccessorImpl.invoke0(Native Method)
	at sun.reflect.NativeMethodAccessorImpl.invoke(NativeMethodAccessorImpl.java:62)
	at sun.reflect.DelegatingMethodAccessorImpl.invoke(DelegatingMethodAccessorImpl.java:43)
	at java.lang.reflect.Method.invoke(Method.java:498)
	at org.testng.internal.MethodInvocationHelper.invokeMethod(MethodInvocationHelper.java:108)
	at org.testng.internal.Invoker.invokeMethod(Invoker.java:669)
	at org.testng.internal.Invoker.invokeTestMethod(Invoker.java:877)
	at org.testng.internal.Invoker.invokeTestMethods(Invoker.java:1201)
	at org.testng.internal.TestMethodWorker.invokeTestMethods(TestMethodWorker.java:125)
	at org.testng.internal.TestMethodWorker.run(TestMethodWorker.java:109)
	at org.testng.TestRunner.privateRun(TestRunner.java:776)
	at org.testng.TestRunner.run(TestRunner.java:634)
	at org.testng.SuiteRunner.runTest(SuiteRunner.java:425)
	at org.testng.SuiteRunner.runSequentially(SuiteRunner.java:420)
	at org.testng.SuiteRunner.privateRun(SuiteRunner.java:385)
	at org.testng.SuiteRunner.run(SuiteRunner.java:334)
	at org.testng.SuiteRunnerWorker.runSuite(SuiteRunnerWorker.java:52)
	at org.testng.SuiteRunnerWorker.run(SuiteRunnerWorker.java:86)
	at org.testng.TestNG.runSuitesSequentially(TestNG.java:1318)
	at org.testng.TestNG.runSuitesLocally(TestNG.java:1243)
	at org.testng.TestNG.runSuites(TestNG.java:1161)
	at org.testng.TestNG.run(TestNG.java:1129)
	at org.testng.remote.AbstractRemoteTestNG.run(AbstractRemoteTestNG.java:114)
	at org.testng.remote.RemoteTestNG.initAndRun(RemoteTestNG.java:251)
	at org.testng.remote.RemoteTestNG.main(RemoteTestNG.java:77)
</pre></div><a href='#' onClick='toggleBox("stack-trace438123546", this, "Click to show all stack frames", "Click to hide stack frames")'>Click to show all stack frames</a>
<div class='stack-trace' id='stack-trace438123546'><pre>org.openqa.selenium.NoSuchWindowException: no such window: target window already closed
from unknown error: web view not found
  (Session info: chrome=63.0.3239.132)
  (Driver info: chromedriver=2.34.522940 (1a76f96f66e3ca7b8e57d503b4dd3bccfba87af1),platform=Windows NT 6.1.7601 SP1 x86_64) (WARNING: The server did not provide any stacktrace information)
Command duration or timeout: 0 milliseconds
Build info: version: &apos;3.0.1&apos;, revision: &apos;1969d75&apos;, time: &apos;2016-10-18 09:49:13 -0700&apos;
System info: host: &apos;HW1746&apos;, ip: &apos;169.254.243.29&apos;, os.name: &apos;Windows 7&apos;, os.arch: &apos;amd64&apos;, os.version: &apos;6.1&apos;, java.version: &apos;1.8.0_144&apos;
Driver info: org.openqa.selenium.chrome.ChromeDriver
Capabilities [{applicationCacheEnabled=false, rotatable=false, mobileEmulationEnabled=false, networkConnectionEnabled=false, chrome={chromedriverVersion=2.34.522940 (1a76f96f66e3ca7b8e57d503b4dd3bccfba87af1), userDataDir=C:\Users\E003681\AppData\Local\Temp\scoped_dir6392_261}, takesHeapSnapshot=true, pageLoadStrategy=normal, databaseEnabled=false, handlesAlerts=true, hasTouchScreen=false, version=63.0.3239.132, platform=XP, browserConnectionEnabled=false, nativeEvents=true, acceptSslCerts=true, locationContextEnabled=true, webStorageEnabled=true, browserName=chrome, takesScreenshot=true, javascriptEnabled=true, cssSelectorsEnabled=true, setWindowRect=true, unexpectedAlertBehaviour=}]
Session ID: a898dfb4539178b72ab1aba19728a21a
	at sun.reflect.NativeConstructorAccessorImpl.newInstance0(Native Method)
	at sun.reflect.NativeConstructorAccessorImpl.newInstance(NativeConstructorAccessorImpl.java:62)
	at sun.reflect.DelegatingConstructorAccessorImpl.newInstance(DelegatingConstructorAccessorImpl.java:45)
	at java.lang.reflect.Constructor.newInstance(Constructor.java:423)
	at org.openqa.selenium.remote.ErrorHandler.createThrowable(ErrorHandler.java:216)
	at org.openqa.selenium.remote.ErrorHandler.throwIfResponseFailed(ErrorHandler.java:168)
	at org.openqa.selenium.remote.RemoteWebDriver.execute(RemoteWebDriver.java:635)
	at org.openqa.selenium.remote.RemoteWebDriver.execute(RemoteWebDriver.java:658)
	at org.openqa.selenium.remote.RemoteWebDriver.getScreenshotAs(RemoteWebDriver.java:340)
	at com.ctaf.accelerators.ActionEngine.screenShot(ActionEngine.java:1771)
	at com.ctaf.utilities.Reporter.failureReport(Reporter.java:87)
	at com.Indigo.Commercial.TC_165_QA_VerifyProcessedUnprocessedQueue.TC_165_QA_VerifyprocessedUnprocessedQueue(TC_165_QA_VerifyProcessedUnprocessedQueue.java:94)
	at sun.reflect.NativeMethodAccessorImpl.invoke0(Native Method)
	at sun.reflect.NativeMethodAccessorImpl.invoke(NativeMethodAccessorImpl.java:62)
	at sun.reflect.DelegatingMethodAccessorImpl.invoke(DelegatingMethodAccessorImpl.java:43)
	at java.lang.reflect.Method.invoke(Method.java:498)
	at org.testng.internal.MethodInvocationHelper.invokeMethod(MethodInvocationHelper.java:108)
	at org.testng.internal.Invoker.invokeMethod(Invoker.java:669)
	at org.testng.internal.Invoker.invokeTestMethod(Invoker.java:877)
	at org.testng.internal.Invoker.invokeTestMethods(Invoker.java:1201)
	at org.testng.internal.TestMethodWorker.invokeTestMethods(TestMethodWorker.java:125)
	at org.testng.internal.TestMethodWorker.run(TestMethodWorker.java:109)
	at org.testng.TestRunner.privateRun(TestRunner.java:776)
	at org.testng.TestRunner.run(TestRunner.java:634)
	at org.testng.SuiteRunner.runTest(SuiteRunner.java:425)
	at org.testng.SuiteRunner.runSequentially(SuiteRunner.java:420)
	at org.testng.SuiteRunner.privateRun(SuiteRunner.java:385)
	at org.testng.SuiteRunner.run(SuiteRunner.java:334)
	at org.testng.SuiteRunnerWorker.runSuite(SuiteRunnerWorker.java:52)
	at org.testng.SuiteRunnerWorker.run(SuiteRunnerWorker.java:86)
	at org.testng.TestNG.runSuitesSequentially(TestNG.java:1318)
	at org.testng.TestNG.runSuitesLocally(TestNG.java:1243)
	at org.testng.TestNG.runSuites(TestNG.java:1161)
	at org.testng.TestNG.run(TestNG.java:1129)
	at org.testng.remote.AbstractRemoteTestNG.run(AbstractRemoteTestNG.java:114)
	at org.testng.remote.RemoteTestNG.initAndRun(RemoteTestNG.java:251)
	at org.testng.remote.RemoteTestNG.main(RemoteTestNG.java:77)
</pre></div></td>
<td>55</td>
<td>com.Indigo.Commercial.TC_165_QA_VerifyProcessedUnprocessedQueue@1189dd52</td></tr>
<tr>
<td title='com.Indigo.Commercial.TC_191_QBC_VerifyQueueWithDifferentOptions.TC_191_QBC_VerifyQueueWithDifferentOptions()'><b>TC_191_QBC_VerifyQueueWithDifferentOptions</b><br>Test class: com.Indigo.Commercial.TC_191_QBC_VerifyQueueWithDifferentOptions<br>Parameters: seema.rani, Test@123, Commericial, Queue Based Changes, Time Change Delay Greater than 2 hours, 00, Time Change Delay Less than 2 hours, Time Change Prepone Greater than 1 hours, Time Change Prepone Less than 1 hours, To verify  Different Queue</td>
<td><div><pre>java.lang.AssertionError: Step WaitForVisibilityOfElement  Failed with description  Element SMS Hyperlink is not visible expected [true] but found [false]
	at org.testng.Assert.fail(Assert.java:93)
	at org.testng.Assert.failNotEquals(Assert.java:512)
	at org.testng.Assert.assertTrue(Assert.java:41)
	at com.ctaf.support.HtmlReportSupport.onFailure(HtmlReportSupport.java:778)
	at com.ctaf.utilities.Reporter.failureReport(Reporter.java:91)
	at com.ctaf.accelerators.ActionEngine.waitForVisibilityOfElement(ActionEngine.java:2160)
	at com.desktopWeb.workflows.HelperClass.Comm_QBC_VerifyHyperlinks(HelperClass.java:1403)
	at com.Indigo.Commercial.TC_191_QBC_VerifyQueueWithDifferentOptions.TC_191_QBC_VerifyQueueWithDifferentOptions(TC_191_QBC_VerifyQueueWithDifferentOptions.java:28)
	at sun.reflect.NativeMethodAccessorImpl.invoke0(Native Method)
	at sun.reflect.NativeMethodAccessorImpl.invoke(NativeMethodAccessorImpl.java:62)
	at sun.reflect.DelegatingMethodAccessorImpl.invoke(DelegatingMethodAccessorImpl.java:43)
	at java.lang.reflect.Method.invoke(Method.java:498)
	at org.testng.internal.MethodInvocationHelper.invokeMethod(MethodInvocationHelper.java:108)
	at org.testng.internal.Invoker.invokeMethod(Invoker.java:669)
	at org.testng.internal.Invoker.invokeTestMethod(Invoker.java:877)
	at org.testng.internal.Invoker.invokeTestMethods(Invoker.java:1201)
	at org.testng.internal.TestMethodWorker.invokeTestMethods(TestMethodWorker.java:125)
	at org.testng.internal.TestMethodWorker.run(TestMethodWorker.java:109)
	at org.testng.TestRunner.privateRun(TestRunner.java:776)
	at org.testng.TestRunner.run(TestRunner.java:634)
	at org.testng.SuiteRunner.runTest(SuiteRunner.java:425)
	at org.testng.SuiteRunner.runSequentially(SuiteRunner.java:420)
	at org.testng.SuiteRunner.privateRun(SuiteRunner.java:385)
	at org.testng.SuiteRunner.run(SuiteRunner.java:334)
	at org.testng.SuiteRunnerWorker.runSuite(SuiteRunnerWorker.java:52)
	at org.testng.SuiteRunnerWorker.run(SuiteRunnerWorker.java:86)
	at org.testng.TestNG.runSuitesSequentially(TestNG.java:1318)
	at org.testng.TestNG.runSuitesLocally(TestNG.java:1243)
	at org.testng.TestNG.runSuites(TestNG.java:1161)
	at org.testng.TestNG.run(TestNG.java:1129)
	at org.testng.remote.AbstractRemoteTestNG.run(AbstractRemoteTestNG.java:114)
	at org.testng.remote.RemoteTestNG.initAndRun(RemoteTestNG.java:251)
	at org.testng.remote.RemoteTestNG.main(RemoteTestNG.java:77)
</pre></div><a href='#' onClick='toggleBox("stack-trace2017380745", this, "Click to show all stack frames", "Click to hide stack frames")'>Click to show all stack frames</a>
<div class='stack-trace' id='stack-trace2017380745'><pre>java.lang.AssertionError: Step WaitForVisibilityOfElement  Failed with description  Element SMS Hyperlink is not visible expected [true] but found [false]
	at org.testng.Assert.fail(Assert.java:93)
	at org.testng.Assert.failNotEquals(Assert.java:512)
	at org.testng.Assert.assertTrue(Assert.java:41)
	at com.ctaf.support.HtmlReportSupport.onFailure(HtmlReportSupport.java:778)
	at com.ctaf.utilities.Reporter.failureReport(Reporter.java:91)
	at com.ctaf.accelerators.ActionEngine.waitForVisibilityOfElement(ActionEngine.java:2160)
	at com.desktopWeb.workflows.HelperClass.Comm_QBC_VerifyHyperlinks(HelperClass.java:1403)
	at com.Indigo.Commercial.TC_191_QBC_VerifyQueueWithDifferentOptions.TC_191_QBC_VerifyQueueWithDifferentOptions(TC_191_QBC_VerifyQueueWithDifferentOptions.java:28)
	at sun.reflect.NativeMethodAccessorImpl.invoke0(Native Method)
	at sun.reflect.NativeMethodAccessorImpl.invoke(NativeMethodAccessorImpl.java:62)
	at sun.reflect.DelegatingMethodAccessorImpl.invoke(DelegatingMethodAccessorImpl.java:43)
	at java.lang.reflect.Method.invoke(Method.java:498)
	at org.testng.internal.MethodInvocationHelper.invokeMethod(MethodInvocationHelper.java:108)
	at org.testng.internal.Invoker.invokeMethod(Invoker.java:669)
	at org.testng.internal.Invoker.invokeTestMethod(Invoker.java:877)
	at org.testng.internal.Invoker.invokeTestMethods(Invoker.java:1201)
	at org.testng.internal.TestMethodWorker.invokeTestMethods(TestMethodWorker.java:125)
	at org.testng.internal.TestMethodWorker.run(TestMethodWorker.java:109)
	at org.testng.TestRunner.privateRun(TestRunner.java:776)
	at org.testng.TestRunner.run(TestRunner.java:634)
	at org.testng.SuiteRunner.runTest(SuiteRunner.java:425)
	at org.testng.SuiteRunner.runSequentially(SuiteRunner.java:420)
	at org.testng.SuiteRunner.privateRun(SuiteRunner.java:385)
	at org.testng.SuiteRunner.run(SuiteRunner.java:334)
	at org.testng.SuiteRunnerWorker.runSuite(SuiteRunnerWorker.java:52)
	at org.testng.SuiteRunnerWorker.run(SuiteRunnerWorker.java:86)
	at org.testng.TestNG.runSuitesSequentially(TestNG.java:1318)
	at org.testng.TestNG.runSuitesLocally(TestNG.java:1243)
	at org.testng.TestNG.runSuites(TestNG.java:1161)
	at org.testng.TestNG.run(TestNG.java:1129)
	at org.testng.remote.AbstractRemoteTestNG.run(AbstractRemoteTestNG.java:114)
	at org.testng.remote.RemoteTestNG.initAndRun(RemoteTestNG.java:251)
	at org.testng.remote.RemoteTestNG.main(RemoteTestNG.java:77)
</pre></div></td>
<td>138</td>
<td>com.Indigo.Commercial.TC_191_QBC_VerifyQueueWithDifferentOptions@223d2c72</td></tr>
</table><p>
<table width='100%' border='1' class='invocation-passed'>
<tr><td colspan='4' align='center'><b>PASSED TESTS</b></td></tr>
<tr><td><b>Test method</b></td>
<td width="30%"><b>Exception</b></td>
<td width="10%"><b>Time (seconds)</b></td>
<td><b>Instance</b></td>
</tr>
<tr>
<td title='com.Indigo.Commercial.TC_084_QBC_VerifySearchWithDifferentParameters.TC_084_VerifySearchWithDifferentParameters()'><b>TC_084_VerifySearchWithDifferentParameters</b><br>Test class: com.Indigo.Commercial.TC_084_QBC_VerifySearchWithDifferentParameters<br>Parameters: seema.rani, Test@123, Commericial, Queue Based Changes, 30-01-2018, 30-01-2018, All Flight, 00, 22, DEL, CCU, , , To verify PAX Adhoc in Commercial Module</td>
<td></td>
<td>70</td>
<td>com.Indigo.Commercial.TC_084_QBC_VerifySearchWithDifferentParameters@16293aa2</td></tr>
<tr>
<td title='com.Indigo.Commercial.TC_121_PAXAd_ToVerifyFromAndToValidation.TC_121_PAXAd_ToVerifyFromAndToValidation()'><b>TC_121_PAXAd_ToVerifyFromAndToValidation</b><br>Test class: com.Indigo.Commercial.TC_121_PAXAd_ToVerifyFromAndToValidation<br>Parameters: seema.rani, Test@123, Commericial, Pax ADHOC, 31-01-2018, 30-01-2018, Base Flight, Domestic, AMD, CCU, Adhoc Message, Adhoc Message, Adhoc Message, Reason: Your Flight is rescheduled due to runway restriction at {XXX} Airport., Ahmedabad, SMS, To verify PAX Adhoc in Commercial Module</td>
<td></td>
<td>63</td>
<td>com.Indigo.Commercial.TC_121_PAXAd_ToVerifyFromAndToValidation@72d1ad2e</td></tr>
<tr>
<td title='com.Indigo.Commercial.TC_133_BM_VerifyUserToNavigateBroadCast.TC_133_VerifyUserToNavigationBroadCast()'><b>TC_133_VerifyUserToNavigationBroadCast</b><br>Test class: com.Indigo.Commercial.TC_133_BM_VerifyUserToNavigateBroadCast<br>Parameters: seema.rani, Test@123, Commericial, Broadcast Message, To verify PAX Adhoc in Commercial Module</td>
<td></td>
<td>6</td>
<td>com.Indigo.Commercial.TC_133_BM_VerifyUserToNavigateBroadCast@2d7275fc</td></tr>
<tr>
<td title='com.Indigo.Commercial.TC_135_BM_VerifyDownloadSampleFile.TC_135_VerifyDownloadSampleFil()'><b>TC_135_VerifyDownloadSampleFil</b><br>Test class: com.Indigo.Commercial.TC_135_BM_VerifyDownloadSampleFile<br>Parameters: seema.rani, Test@123, Commericial, Broadcast Message, To verifY Download Sample File</td>
<td></td>
<td>20</td>
<td>com.Indigo.Commercial.TC_135_BM_VerifyDownloadSampleFile@399f45b1</td></tr>
<tr>
<td title='com.Indigo.Commercial.TC_136_BM_VerifyUploadSampleFile.TC_136_VerifyDownloadSampleFil()'><b>TC_136_VerifyDownloadSampleFil</b><br>Test class: com.Indigo.Commercial.TC_136_BM_VerifyUploadSampleFile<br>Parameters: seema.rani, Test@123, Commericial, Broadcast Message, To verifY Download Sample File</td>
<td></td>
<td>18</td>
<td>com.Indigo.Commercial.TC_136_BM_VerifyUploadSampleFile@38c6f217</td></tr>
<tr>
<td title='com.Indigo.Commercial.TC_138_BM_VerifyPreviewFunctionality.TC_138_BM_VerifyPreviewfunctionality()'><b>TC_138_BM_VerifyPreviewfunctionality</b><br>Test class: com.Indigo.Commercial.TC_138_BM_VerifyPreviewFunctionality<br>Parameters: seema.rani, Test@123, Commericial, Broadcast Message, Other Template, Other Template, To verifY preview functionality</td>
<td></td>
<td>67</td>
<td>com.Indigo.Commercial.TC_138_BM_VerifyPreviewFunctionality@478190fc</td></tr>
<tr>
<td title='com.Indigo.Commercial.TC_142_BM_VerifyUploadWithOtherFormat.TC_142_VerifyUploadWithOtherformat()'><b>TC_142_VerifyUploadWithOtherformat</b><br>Test class: com.Indigo.Commercial.TC_142_BM_VerifyUploadWithOtherFormat<br>Parameters: seema.rani, Test@123, Commericial, Broadcast Message, To verifY Upload Sample File with other format</td>
<td></td>
<td>26</td>
<td>com.Indigo.Commercial.TC_142_BM_VerifyUploadWithOtherFormat@79e2c065</td></tr>
<tr>
<td title='com.Indigo.Commercial.TC_150_BM_VerifyUnselectedCommunicationType.TC_150_BM_VerifyUnselectedcommunicationType()'><b>TC_150_BM_VerifyUnselectedcommunicationType</b><br>Test class: com.Indigo.Commercial.TC_150_BM_VerifyUnselectedCommunicationType<br>Parameters: seema.rani, Test@123, Commericial, Broadcast Message, Other Template, Other Template, To verifY preview functionality</td>
<td></td>
<td>36</td>
<td>com.Indigo.Commercial.TC_150_BM_VerifyUnselectedCommunicationType@3a93b025</td></tr>
<tr>
<td title='com.Indigo.Commercial.TC_156_QA_VerifyExportToExcel.TC_156_QA_VerifyExportToExcel()'><b>TC_156_QA_VerifyExportToExcel</b><br>Test class: com.Indigo.Commercial.TC_156_QA_VerifyExportToExcel<br>Parameters: seema.rani, Test@123, Commericial, Queue Approval, Flight Movement, , To verify Queue Approval page</td>
<td></td>
<td>24</td>
<td>com.Indigo.Commercial.TC_156_QA_VerifyExportToExcel@7e07db1f</td></tr>
<tr>
<td title='com.Indigo.Commercial.TC_172_QBC_VerifyQueueBasedChangesPage.TC_172_QBC_VerifyqueueBasedChangesPage()'><b>TC_172_QBC_VerifyqueueBasedChangesPage</b><br>Test class: com.Indigo.Commercial.TC_172_QBC_VerifyQueueBasedChangesPage<br>Parameters: seema.rani, Test@123, Commericial, Queue Based Changes, Flight Movement, , To verify Queue based changes page</td>
<td></td>
<td>22</td>
<td>com.Indigo.Commercial.TC_172_QBC_VerifyQueueBasedChangesPage@36bc55de</td></tr>
<tr>
<td title='com.Indigo.Commercial.TC_178_QBC_VerifyIfCheckBoxesForEmailSMSIVRInSearch.TC_178_VerifyIfCheckBoxesForEmailSMSIVRInSearch()'><b>TC_178_VerifyIfCheckBoxesForEmailSMSIVRInSearch</b><br>Test class: com.Indigo.Commercial.TC_178_QBC_VerifyIfCheckBoxesForEmailSMSIVRInSearch<br>Parameters: seema.rani, Test@123, Commericial, Queue Based Changes, Flight Movement, 00, To verify PAX Adhoc in Commercial Module</td>
<td></td>
<td>21</td>
<td>com.Indigo.Commercial.TC_178_QBC_VerifyIfCheckBoxesForEmailSMSIVRInSearch@564fabc8</td></tr>
<tr>
<td title='com.Indigo.Commercial.TC_179_QBC_VerifySelectAllEmailCheckbox.TC_179_VerifySelectAllEmailChekbox()'><b>TC_179_VerifySelectAllEmailChekbox</b><br>Test class: com.Indigo.Commercial.TC_179_QBC_VerifySelectAllEmailCheckbox<br>Parameters: seema.rani, Test@123, Commericial, Queue Based Changes, Time Change Delay Less than 2 hours, 00, To verify SelectAll Email Checkbox</td>
<td></td>
<td>20</td>
<td>com.Indigo.Commercial.TC_179_QBC_VerifySelectAllEmailCheckbox@16d04d3d</td></tr>
<tr>
<td title='com.Indigo.Commercial.TC_180_QBC_VerifySelectAllSMSCheckbox.TC_180_VerifySelectAllSMSCheckbox()'><b>TC_180_VerifySelectAllSMSCheckbox</b><br>Test class: com.Indigo.Commercial.TC_180_QBC_VerifySelectAllSMSCheckbox<br>Parameters: seema.rani, Test@123, Commericial, Queue Based Changes, Time Change Delay Less than 2 hours, 00, To verify Select All SMS Checkbox</td>
<td></td>
<td>21</td>
<td>com.Indigo.Commercial.TC_180_QBC_VerifySelectAllSMSCheckbox@49ec71f8</td></tr>
<tr>
<td title='com.Indigo.Commercial.TC_181_QBC_VerifySelectAllIVRCheckbox.TC_181_VerifySelectAllIVRCheckbox()'><b>TC_181_VerifySelectAllIVRCheckbox</b><br>Test class: com.Indigo.Commercial.TC_181_QBC_VerifySelectAllIVRCheckbox<br>Parameters: seema.rani, Test@123, Commericial, Queue Based Changes, Time Change Delay Less than 2 hours, 00, To verify SelectAll IVR Checkbox</td>
<td></td>
<td>23</td>
<td>com.Indigo.Commercial.TC_181_QBC_VerifySelectAllIVRCheckbox@1d2adfbe</td></tr>
<tr>
<td title='com.Indigo.Commercial.TC_185_QBC_VerifySendAndSendAllButton.TC_185_QBC_VerifySendandSendAllButton()'><b>TC_185_QBC_VerifySendandSendAllButton</b><br>Test class: com.Indigo.Commercial.TC_185_QBC_VerifySendAndSendAllButton<br>Parameters: seema.rani, Test@123, Commericial, Queue Based Changes, Flight Movement, 00, To verify PAX Adhoc in Commercial Module</td>
<td></td>
<td>46</td>
<td>com.Indigo.Commercial.TC_185_QBC_VerifySendAndSendAllButton@36902638</td></tr>
</table><p>
</body>
</html>