<?xml version="1.0" encoding="UTF-8"?>
<!-- Generated by org.testng.reporters.JUnitXMLReporter -->
<testsuite hostname="HW1746" ignored="14" name="Grouping" tests="8" failures="1" timestamp="30 Jan 2018 12:30:29 GMT" time="671.057" errors="0">
  <testcase name="TC_092_FS_VerifyuserNavigateToFlightSearch" time="7.588" classname="com.Indigo.MIS.TC_092_FS_VerifyUserNavigateToFlightSearch"/>
  <testcase name="TC_095_FS_ToVerfysearchFunctionality" time="206.982" classname="com.Indigo.MIS.TC_095_FS_ToVerfySearchFunctionality">
    <failure type="java.lang.AssertionError" message="Step TC_095,Exception message is [Ljava.lang.StackTraceElement;@5b04476eExpected condition failed: waiting for element to be clickable: By.xpath: //li[text()=&amp;apos;AMD&amp;apos;] (tried for 180 second(s) with 500 MILLISECONDS interval)
Build info: version: &amp;apos;3.0.1&amp;apos;, revision: &amp;apos;1969d75&amp;apos;, time: &amp;apos;2016-10-18 09:49:13 -0700&amp;apos;
System info: host: &amp;apos;HW1746&amp;apos;, ip: &amp;apos;169.254.243.29&amp;apos;, os.name: &amp;apos;Windows 7&amp;apos;, os.arch: &amp;apos;amd64&amp;apos;, os.version: &amp;apos;6.1&amp;apos;, java.version: &amp;apos;1.8.0_144&amp;apos;
Driver info: org.openqa.selenium.chrome.ChromeDriver
Capabilities [{applicationCacheEnabled=false, rotatable=false, mobileEmulationEnabled=false, networkConnectionEnabled=false, chrome={chromedriverVersion=2.34.522940 (1a76f96f66e3ca7b8e57d503b4dd3bccfba87af1), userDataDir=C:\Users\E003681\AppData\Local\Temp\scoped_dir11212_2968}, takesHeapSnapshot=true, pageLoadStrategy=normal, databaseEnabled=false, handlesAlerts=true, hasTouchScreen=false, version=63.0.3239.132, platform=XP, browserConnectionEnabled=false, nativeEvents=true, acceptSslCerts=true, locationContextEnabled=true, webStorageEnabled=true, browserName=chrome, takesScreenshot=true, javascriptEnabled=true, cssSelectorsEnabled=true, setWindowRect=true, unexpectedAlertBehaviour=}]
Session ID: 8eaf61504b54239a49a1ef77a19b9b9d Failed with description Failed expected [true] but found [false]">
      <![CDATA[java.lang.AssertionError: Step TC_095,Exception message is [Ljava.lang.StackTraceElement;@5b04476eExpected condition failed: waiting for element to be clickable: By.xpath: //li[text()='AMD'] (tried for 180 second(s) with 500 MILLISECONDS interval)
Build info: version: '3.0.1', revision: '1969d75', time: '2016-10-18 09:49:13 -0700'
System info: host: 'HW1746', ip: '169.254.243.29', os.name: 'Windows 7', os.arch: 'amd64', os.version: '6.1', java.version: '1.8.0_144'
Driver info: org.openqa.selenium.chrome.ChromeDriver
Capabilities [{applicationCacheEnabled=false, rotatable=false, mobileEmulationEnabled=false, networkConnectionEnabled=false, chrome={chromedriverVersion=2.34.522940 (1a76f96f66e3ca7b8e57d503b4dd3bccfba87af1), userDataDir=C:\Users\E003681\AppData\Local\Temp\scoped_dir11212_2968}, takesHeapSnapshot=true, pageLoadStrategy=normal, databaseEnabled=false, handlesAlerts=true, hasTouchScreen=false, version=63.0.3239.132, platform=XP, browserConnectionEnabled=false, nativeEvents=true, acceptSslCerts=true, locationContextEnabled=true, webStorageEnabled=true, browserName=chrome, takesScreenshot=true, javascriptEnabled=true, cssSelectorsEnabled=true, setWindowRect=true, unexpectedAlertBehaviour=}]
Session ID: 8eaf61504b54239a49a1ef77a19b9b9d Failed with description Failed expected [true] but found [false]
	at org.testng.Assert.fail(Assert.java:93)
	at org.testng.Assert.failNotEquals(Assert.java:512)
	at org.testng.Assert.assertTrue(Assert.java:41)
	at com.ctaf.support.HtmlReportSupport.onFailure(HtmlReportSupport.java:778)
	at com.ctaf.utilities.Reporter.failureReport(Reporter.java:91)
	at com.Indigo.MIS.TC_095_FS_ToVerfySearchFunctionality.TC_095_FS_ToVerfysearchFunctionality(TC_095_FS_ToVerfySearchFunctionality.java:75)
	at sun.reflect.NativeMethodAccessorImpl.invoke0(Native Method)
	at sun.reflect.NativeMethodAccessorImpl.invoke(NativeMethodAccessorImpl.java:62)
	at sun.reflect.DelegatingMethodAccessorImpl.invoke(DelegatingMethodAccessorImpl.java:43)
	at java.lang.reflect.Method.invoke(Method.java:498)
	at org.testng.internal.MethodInvocationHelper.invokeMethod(MethodInvocationHelper.java:108)
	at org.testng.internal.Invoker.invokeMethod(Invoker.java:669)
	at org.testng.internal.Invoker.invokeTestMethod(Invoker.java:877)
	at org.testng.internal.Invoker.invokeTestMethods(Invoker.java:1201)
	at org.testng.internal.TestMethodWorker.invokeTestMethods(TestMethodWorker.java:125)
	at org.testng.internal.TestMethodWorker.run(TestMethodWorker.java:109)
	at org.testng.TestRunner.privateRun(TestRunner.java:776)
	at org.testng.TestRunner.run(TestRunner.java:634)
	at org.testng.SuiteRunner.runTest(SuiteRunner.java:425)
	at org.testng.SuiteRunner.runSequentially(SuiteRunner.java:420)
	at org.testng.SuiteRunner.privateRun(SuiteRunner.java:385)
	at org.testng.SuiteRunner.run(SuiteRunner.java:334)
	at org.testng.SuiteRunnerWorker.runSuite(SuiteRunnerWorker.java:52)
	at org.testng.SuiteRunnerWorker.run(SuiteRunnerWorker.java:86)
	at org.testng.TestNG.runSuitesSequentially(TestNG.java:1318)
	at org.testng.TestNG.runSuitesLocally(TestNG.java:1243)
	at org.testng.TestNG.runSuites(TestNG.java:1161)
	at org.testng.TestNG.run(TestNG.java:1129)
	at org.testng.remote.AbstractRemoteTestNG.run(AbstractRemoteTestNG.java:114)
	at org.testng.remote.RemoteTestNG.initAndRun(RemoteTestNG.java:251)
	at org.testng.remote.RemoteTestNG.main(RemoteTestNG.java:77)
]]>
    </failure>
  </testcase> <!-- TC_095_FS_ToVerfysearchFunctionality -->
  <testcase name="TC_469_GS_VerifyGenericSearchPage" time="6.269" classname="com.Indigo.MIS.TC_469_GS_VerifyGenericSearchPage"/>
  <testcase name="TC_471_GS_VerifySearchfunctionality" time="117.019" classname="com.Indigo.MIS.TC_471_GS_VerifySearchFunctionality"/>
  <testcase name="TC_511_CS_VerifyCustomersearchScreen" time="5.693" classname="com.Indigo.MIS.TC_511_CS_VerifyCustomerSearchScreen"/>
  <testcase name="TC_515_CS_VerifySearchCombinations" time="129.012" classname="com.Indigo.MIS.TC_515_CS_VerifySearchCombinations"/>
  <testcase name="TC_531_VErifycustomerSearchOCCScreen" time="6.287" classname="com.Indigo.MIS.TC_531_CSOCC_VerifyCustomerSearchOCCScreen"/>
  <testcase name="TC_535_CSOCC_VerifyAllsearchCombinations" time="137.213" classname="com.Indigo.MIS.TC_535_CSOCC_VerifyAllSearchCombinations"/>
  <testcase name="@AfterSuite tearDown" time="0.0" classname="com.ctaf.accelerators.TestEngine">
    <ignored/>
  </testcase> <!-- @AfterSuite tearDown -->
  <testcase name="@AfterSuite tearDown" time="0.0" classname="com.ctaf.accelerators.TestEngine">
    <ignored/>
  </testcase> <!-- @AfterSuite tearDown -->
  <testcase name="@AfterSuite tearDown" time="0.0" classname="com.ctaf.accelerators.TestEngine">
    <ignored/>
  </testcase> <!-- @AfterSuite tearDown -->
  <testcase name="@AfterSuite tearDown" time="0.0" classname="com.ctaf.accelerators.TestEngine">
    <ignored/>
  </testcase> <!-- @AfterSuite tearDown -->
  <testcase name="@AfterSuite tearDown" time="0.0" classname="com.ctaf.accelerators.TestEngine">
    <ignored/>
  </testcase> <!-- @AfterSuite tearDown -->
  <testcase name="@AfterSuite tearDown" time="0.0" classname="com.ctaf.accelerators.TestEngine">
    <ignored/>
  </testcase> <!-- @AfterSuite tearDown -->
  <testcase name="@AfterSuite tearDown" time="0.0" classname="com.ctaf.accelerators.TestEngine">
    <ignored/>
  </testcase> <!-- @AfterSuite tearDown -->
  <testcase name="@BeforeSuite setupSuite" time="0.0" classname="com.ctaf.accelerators.TestEngine">
    <ignored/>
  </testcase> <!-- @BeforeSuite setupSuite -->
  <testcase name="@BeforeSuite setupSuite" time="0.0" classname="com.ctaf.accelerators.TestEngine">
    <ignored/>
  </testcase> <!-- @BeforeSuite setupSuite -->
  <testcase name="@BeforeSuite setupSuite" time="0.0" classname="com.ctaf.accelerators.TestEngine">
    <ignored/>
  </testcase> <!-- @BeforeSuite setupSuite -->
  <testcase name="@BeforeSuite setupSuite" time="0.0" classname="com.ctaf.accelerators.TestEngine">
    <ignored/>
  </testcase> <!-- @BeforeSuite setupSuite -->
  <testcase name="@BeforeSuite setupSuite" time="0.0" classname="com.ctaf.accelerators.TestEngine">
    <ignored/>
  </testcase> <!-- @BeforeSuite setupSuite -->
  <testcase name="@BeforeSuite setupSuite" time="0.0" classname="com.ctaf.accelerators.TestEngine">
    <ignored/>
  </testcase> <!-- @BeforeSuite setupSuite -->
  <testcase name="@BeforeSuite setupSuite" time="0.0" classname="com.ctaf.accelerators.TestEngine">
    <ignored/>
  </testcase> <!-- @BeforeSuite setupSuite -->
</testsuite> <!-- Grouping -->
