<html>
<head>
<title>TestNG:  Grouping</title>
<link href="../testng.css" rel="stylesheet" type="text/css" />
<link href="../my-testng.css" rel="stylesheet" type="text/css" />

<style type="text/css">
.log { display: none;} 
.stack-trace { display: none;} 
</style>
<script type="text/javascript">
<!--
function flip(e) {
  current = e.style.display;
  if (current == 'block') {
    e.style.display = 'none';
    return 0;
  }
  else {
    e.style.display = 'block';
    return 1;
  }
}

function toggleBox(szDivId, elem, msg1, msg2)
{
  var res = -1;  if (document.getElementById) {
    res = flip(document.getElementById(szDivId));
  }
  else if (document.all) {
    // this is the way old msie versions work
    res = flip(document.all[szDivId]);
  }
  if(elem) {
    if(res == 0) elem.innerHTML = msg1; else elem.innerHTML = msg2;
  }

}

function toggleAllBoxes() {
  if (document.getElementsByTagName) {
    d = document.getElementsByTagName('div');
    for (i = 0; i < d.length; i++) {
      if (d[i].className == 'log') {
        flip(d[i]);
      }
    }
  }
}

// -->
</script>

</head>
<body>
<h2 align='center'>Grouping</h2><table border='1' align="center">
<tr>
<td>Tests passed/Failed/Skipped:</td><td>7/1/0</td>
</tr><tr>
<td>Started on:</td><td>Tue Jan 30 17:49:18 IST 2018</td>
</tr>
<tr><td>Total time:</td><td>671 seconds (671057 ms)</td>
</tr><tr>
<td>Included groups:</td><td></td>
</tr><tr>
<td>Excluded groups:</td><td></td>
</tr>
</table><p/>
<small><i>(Hover the method name to see the test class name)</i></small><p/>
<table width='100%' border='1' class='invocation-failed'>
<tr><td colspan='4' align='center'><b>FAILED TESTS</b></td></tr>
<tr><td><b>Test method</b></td>
<td width="30%"><b>Exception</b></td>
<td width="10%"><b>Time (seconds)</b></td>
<td><b>Instance</b></td>
</tr>
<tr>
<td title='com.Indigo.MIS.TC_095_FS_ToVerfySearchFunctionality.TC_095_FS_ToVerfysearchFunctionality()'><b>TC_095_FS_ToVerfysearchFunctionality</b><br>Test class: com.Indigo.MIS.TC_095_FS_ToVerfySearchFunctionality<br>Parameters: seema.rani, Test@123, MIS, Flight Search, 29-01-2018, 29-01-2018, AMD, CCU, SMS, Success, Time Change, 26-01-2018, 25-01-2018, To verify Search Functionality</td>
<td><div><pre>java.lang.AssertionError: Step TC_095,Exception message is [Ljava.lang.StackTraceElement;@5b04476eExpected condition failed: waiting for element to be clickable: By.xpath: //li[text()=&apos;AMD&apos;] (tried for 180 second(s) with 500 MILLISECONDS interval)
Build info: version: &apos;3.0.1&apos;, revision: &apos;1969d75&apos;, time: &apos;2016-10-18 09:49:13 -0700&apos;
System info: host: &apos;HW1746&apos;, ip: &apos;169.254.243.29&apos;, os.name: &apos;Windows 7&apos;, os.arch: &apos;amd64&apos;, os.version: &apos;6.1&apos;, java.version: &apos;1.8.0_144&apos;
Driver info: org.openqa.selenium.chrome.ChromeDriver
Capabilities [{applicationCacheEnabled=false, rotatable=false, mobileEmulationEnabled=false, networkConnectionEnabled=false, chrome={chromedriverVersion=2.34.522940 (1a76f96f66e3ca7b8e57d503b4dd3bccfba87af1), userDataDir=C:\Users\E003681\AppData\Local\Temp\scoped_dir11212_2968}, takesHeapSnapshot=true, pageLoadStrategy=normal, databaseEnabled=false, handlesAlerts=true, hasTouchScreen=false, version=63.0.3239.132, platform=XP, browserConnectionEnabled=false, nativeEvents=true, acceptSslCerts=true, locationContextEnabled=true, webStorageEnabled=true, browserName=chrome, takesScreenshot=true, javascriptEnabled=true, cssSelectorsEnabled=true, setWindowRect=true, unexpectedAlertBehaviour=}]
Session ID: 8eaf61504b54239a49a1ef77a19b9b9d Failed with description Failed expected [true] but found [false]
	at org.testng.Assert.fail(Assert.java:93)
	at org.testng.Assert.failNotEquals(Assert.java:512)
	at org.testng.Assert.assertTrue(Assert.java:41)
	at com.ctaf.support.HtmlReportSupport.onFailure(HtmlReportSupport.java:778)
	at com.ctaf.utilities.Reporter.failureReport(Reporter.java:91)
	at com.Indigo.MIS.TC_095_FS_ToVerfySearchFunctionality.TC_095_FS_ToVerfysearchFunctionality(TC_095_FS_ToVerfySearchFunctionality.java:75)
	at sun.reflect.NativeMethodAccessorImpl.invoke0(Native Method)
	at sun.reflect.NativeMethodAccessorImpl.invoke(NativeMethodAccessorImpl.java:62)
	at sun.reflect.DelegatingMethodAccessorImpl.invoke(DelegatingMethodAccessorImpl.java:43)
	at java.lang.reflect.Method.invoke(Method.java:498)
	at org.testng.internal.MethodInvocationHelper.invokeMethod(MethodInvocationHelper.java:108)
	at org.testng.internal.Invoker.invokeMethod(Invoker.java:669)
	at org.testng.internal.Invoker.invokeTestMethod(Invoker.java:877)
	at org.testng.internal.Invoker.invokeTestMethods(Invoker.java:1201)
	at org.testng.internal.TestMethodWorker.invokeTestMethods(TestMethodWorker.java:125)
	at org.testng.internal.TestMethodWorker.run(TestMethodWorker.java:109)
	at org.testng.TestRunner.privateRun(TestRunner.java:776)
	at org.testng.TestRunner.run(TestRunner.java:634)
	at org.testng.SuiteRunner.runTest(SuiteRunner.java:425)
	at org.testng.SuiteRunner.runSequentially(SuiteRunner.java:420)
	at org.testng.SuiteRunner.privateRun(SuiteRunner.java:385)
	at org.testng.SuiteRunner.run(SuiteRunner.java:334)
	at org.testng.SuiteRunnerWorker.runSuite(SuiteRunnerWorker.java:52)
	at org.testng.SuiteRunnerWorker.run(SuiteRunnerWorker.java:86)
	at org.testng.TestNG.runSuitesSequentially(TestNG.java:1318)
	at org.testng.TestNG.runSuitesLocally(TestNG.java:1243)
	at org.testng.TestNG.runSuites(TestNG.java:1161)
	at org.testng.TestNG.run(TestNG.java:1129)
	at org.testng.remote.AbstractRemoteTestNG.run(AbstractRemoteTestNG.java:114)
	at org.testng.remote.RemoteTestNG.initAndRun(RemoteTestNG.java:251)
	at org.testng.remote.RemoteTestNG.main(RemoteTestNG.java:77)
</pre></div><a href='#' onClick='toggleBox("stack-trace2076249476", this, "Click to show all stack frames", "Click to hide stack frames")'>Click to show all stack frames</a>
<div class='stack-trace' id='stack-trace2076249476'><pre>java.lang.AssertionError: Step TC_095,Exception message is [Ljava.lang.StackTraceElement;@5b04476eExpected condition failed: waiting for element to be clickable: By.xpath: //li[text()=&apos;AMD&apos;] (tried for 180 second(s) with 500 MILLISECONDS interval)
Build info: version: &apos;3.0.1&apos;, revision: &apos;1969d75&apos;, time: &apos;2016-10-18 09:49:13 -0700&apos;
System info: host: &apos;HW1746&apos;, ip: &apos;169.254.243.29&apos;, os.name: &apos;Windows 7&apos;, os.arch: &apos;amd64&apos;, os.version: &apos;6.1&apos;, java.version: &apos;1.8.0_144&apos;
Driver info: org.openqa.selenium.chrome.ChromeDriver
Capabilities [{applicationCacheEnabled=false, rotatable=false, mobileEmulationEnabled=false, networkConnectionEnabled=false, chrome={chromedriverVersion=2.34.522940 (1a76f96f66e3ca7b8e57d503b4dd3bccfba87af1), userDataDir=C:\Users\E003681\AppData\Local\Temp\scoped_dir11212_2968}, takesHeapSnapshot=true, pageLoadStrategy=normal, databaseEnabled=false, handlesAlerts=true, hasTouchScreen=false, version=63.0.3239.132, platform=XP, browserConnectionEnabled=false, nativeEvents=true, acceptSslCerts=true, locationContextEnabled=true, webStorageEnabled=true, browserName=chrome, takesScreenshot=true, javascriptEnabled=true, cssSelectorsEnabled=true, setWindowRect=true, unexpectedAlertBehaviour=}]
Session ID: 8eaf61504b54239a49a1ef77a19b9b9d Failed with description Failed expected [true] but found [false]
	at org.testng.Assert.fail(Assert.java:93)
	at org.testng.Assert.failNotEquals(Assert.java:512)
	at org.testng.Assert.assertTrue(Assert.java:41)
	at com.ctaf.support.HtmlReportSupport.onFailure(HtmlReportSupport.java:778)
	at com.ctaf.utilities.Reporter.failureReport(Reporter.java:91)
	at com.Indigo.MIS.TC_095_FS_ToVerfySearchFunctionality.TC_095_FS_ToVerfysearchFunctionality(TC_095_FS_ToVerfySearchFunctionality.java:75)
	at sun.reflect.NativeMethodAccessorImpl.invoke0(Native Method)
	at sun.reflect.NativeMethodAccessorImpl.invoke(NativeMethodAccessorImpl.java:62)
	at sun.reflect.DelegatingMethodAccessorImpl.invoke(DelegatingMethodAccessorImpl.java:43)
	at java.lang.reflect.Method.invoke(Method.java:498)
	at org.testng.internal.MethodInvocationHelper.invokeMethod(MethodInvocationHelper.java:108)
	at org.testng.internal.Invoker.invokeMethod(Invoker.java:669)
	at org.testng.internal.Invoker.invokeTestMethod(Invoker.java:877)
	at org.testng.internal.Invoker.invokeTestMethods(Invoker.java:1201)
	at org.testng.internal.TestMethodWorker.invokeTestMethods(TestMethodWorker.java:125)
	at org.testng.internal.TestMethodWorker.run(TestMethodWorker.java:109)
	at org.testng.TestRunner.privateRun(TestRunner.java:776)
	at org.testng.TestRunner.run(TestRunner.java:634)
	at org.testng.SuiteRunner.runTest(SuiteRunner.java:425)
	at org.testng.SuiteRunner.runSequentially(SuiteRunner.java:420)
	at org.testng.SuiteRunner.privateRun(SuiteRunner.java:385)
	at org.testng.SuiteRunner.run(SuiteRunner.java:334)
	at org.testng.SuiteRunnerWorker.runSuite(SuiteRunnerWorker.java:52)
	at org.testng.SuiteRunnerWorker.run(SuiteRunnerWorker.java:86)
	at org.testng.TestNG.runSuitesSequentially(TestNG.java:1318)
	at org.testng.TestNG.runSuitesLocally(TestNG.java:1243)
	at org.testng.TestNG.runSuites(TestNG.java:1161)
	at org.testng.TestNG.run(TestNG.java:1129)
	at org.testng.remote.AbstractRemoteTestNG.run(AbstractRemoteTestNG.java:114)
	at org.testng.remote.RemoteTestNG.initAndRun(RemoteTestNG.java:251)
	at org.testng.remote.RemoteTestNG.main(RemoteTestNG.java:77)
</pre></div></td>
<td>206</td>
<td>com.Indigo.MIS.TC_095_FS_ToVerfySearchFunctionality@6b927fb</td></tr>
</table><p>
<table width='100%' border='1' class='invocation-passed'>
<tr><td colspan='4' align='center'><b>PASSED TESTS</b></td></tr>
<tr><td><b>Test method</b></td>
<td width="30%"><b>Exception</b></td>
<td width="10%"><b>Time (seconds)</b></td>
<td><b>Instance</b></td>
</tr>
<tr>
<td title='com.Indigo.MIS.TC_092_FS_VerifyUserNavigateToFlightSearch.TC_092_FS_VerifyuserNavigateToFlightSearch()'><b>TC_092_FS_VerifyuserNavigateToFlightSearch</b><br>Test class: com.Indigo.MIS.TC_092_FS_VerifyUserNavigateToFlightSearch<br>Parameters: seema.rani, Test@123, MIS, Flight Search, Flight Movement, 00, To verify FlightSearch page</td>
<td></td>
<td>7</td>
<td>com.Indigo.MIS.TC_092_FS_VerifyUserNavigateToFlightSearch@4f6ee6e4</td></tr>
<tr>
<td title='com.Indigo.MIS.TC_469_GS_VerifyGenericSearchPage.TC_469_GS_VerifyGenericSearchPage()'><b>TC_469_GS_VerifyGenericSearchPage</b><br>Test class: com.Indigo.MIS.TC_469_GS_VerifyGenericSearchPage<br>Parameters: seema.rani, Test@123, MIS, Generic Search, Flight Movement, 00, To verify GenericSearch page</td>
<td></td>
<td>6</td>
<td>com.Indigo.MIS.TC_469_GS_VerifyGenericSearchPage@3e58a80e</td></tr>
<tr>
<td title='com.Indigo.MIS.TC_471_GS_VerifySearchFunctionality.TC_471_GS_VerifySearchfunctionality()'><b>TC_471_GS_VerifySearchfunctionality</b><br>Test class: com.Indigo.MIS.TC_471_GS_VerifySearchFunctionality<br>Parameters: seema.rani, Test@123, MIS, Generic Search, 29-01-2018, 29-01-2018, Flight Movement, IT, SMS, Success, Time Change, 00, 26-01-2018, 25-01-2018, To verify Search Functionality</td>
<td></td>
<td>117</td>
<td>com.Indigo.MIS.TC_471_GS_VerifySearchFunctionality@4fb61f4a</td></tr>
<tr>
<td title='com.Indigo.MIS.TC_511_CS_VerifyCustomerSearchScreen.TC_511_CS_VerifyCustomersearchScreen()'><b>TC_511_CS_VerifyCustomersearchScreen</b><br>Test class: com.Indigo.MIS.TC_511_CS_VerifyCustomerSearchScreen<br>Parameters: seema.rani, Test@123, MIS, Customer Search, Flight Movement, 00, To verify Customer Search page</td>
<td></td>
<td>5</td>
<td>com.Indigo.MIS.TC_511_CS_VerifyCustomerSearchScreen@4fb0f2b9</td></tr>
<tr>
<td title='com.Indigo.MIS.TC_515_CS_VerifySearchCombinations.TC_515_CS_VerifySearchCombinations()'><b>TC_515_CS_VerifySearchCombinations</b><br>Test class: com.Indigo.MIS.TC_515_CS_VerifySearchCombinations<br>Parameters: seema.rani, Test@123, MIS, Customer Search, 29-01-2018, SMS, Time Change, To verify Customer Search page</td>
<td></td>
<td>129</td>
<td>com.Indigo.MIS.TC_515_CS_VerifySearchCombinations@79924b</td></tr>
<tr>
<td title='com.Indigo.MIS.TC_531_CSOCC_VerifyCustomerSearchOCCScreen.TC_531_VErifycustomerSearchOCCScreen()'><b>TC_531_VErifycustomerSearchOCCScreen</b><br>Test class: com.Indigo.MIS.TC_531_CSOCC_VerifyCustomerSearchOCCScreen<br>Parameters: seema.rani, Test@123, MIS, Customer Search OCC, Flight Movement, 00, To verify Customer Search page</td>
<td></td>
<td>6</td>
<td>com.Indigo.MIS.TC_531_CSOCC_VerifyCustomerSearchOCCScreen@7b9a4292</td></tr>
<tr>
<td title='com.Indigo.MIS.TC_535_CSOCC_VerifyAllSearchCombinations.TC_535_CSOCC_VerifyAllsearchCombinations()'><b>TC_535_CSOCC_VerifyAllsearchCombinations</b><br>Test class: com.Indigo.MIS.TC_535_CSOCC_VerifyAllSearchCombinations<br>Parameters: seema.rani, Test@123, MIS, Customer Search OCC, 29-01-2018, SMS, Time Change, Testingtoday, To verify Customer Search OCC Search</td>
<td></td>
<td>137</td>
<td>com.Indigo.MIS.TC_535_CSOCC_VerifyAllSearchCombinations@4a94ee4</td></tr>
</table><p>
</body>
</html>